{"E:\\ThirdScreen\\scripts\\sync-version.js": {"path":"E:\\ThirdScreen\\scripts\\sync-version.js","statementMap":{"0":{"start":{"line":18,"column":11},"end":{"line":18,"column":24}},"1":{"start":{"line":19,"column":13},"end":{"line":19,"column":28}},"2":{"start":{"line":21,"column":17},"end":{"line":21,"column":43}},"3":{"start":{"line":22,"column":21},"end":{"line":22,"column":56}},"4":{"start":{"line":23,"column":19},"end":{"line":23,"column":65}},"5":{"start":{"line":24,"column":19},"end":{"line":24,"column":70}},"6":{"start":{"line":30,"column":2},"end":{"line":58,"column":3}},"7":{"start":{"line":31,"column":24},"end":{"line":31,"column":73}},"8":{"start":{"line":32,"column":22},"end":{"line":32,"column":69}},"9":{"start":{"line":34,"column":4},"end":{"line":36,"column":5}},"10":{"start":{"line":35,"column":6},"end":{"line":35,"column":60}},"11":{"start":{"line":37,"column":4},"end":{"line":39,"column":5}},"12":{"start":{"line":38,"column":6},"end":{"line":38,"column":63}},"13":{"start":{"line":41,"column":22},"end":{"line":41,"column":57}},"14":{"start":{"line":42,"column":30},"end":{"line":42,"column":74}},"15":{"start":{"line":43,"column":25},"end":{"line":43,"column":77}},"16":{"start":{"line":45,"column":4},"end":{"line":49,"column":6}},"17":{"start":{"line":51,"column":4},"end":{"line":53,"column":5}},"18":{"start":{"line":52,"column":6},"end":{"line":52,"column":69}},"19":{"start":{"line":54,"column":4},"end":{"line":56,"column":5}},"20":{"start":{"line":55,"column":6},"end":{"line":55,"column":78}},"21":{"start":{"line":57,"column":4},"end":{"line":57,"column":16}},"22":{"start":{"line":65,"column":22},"end":{"line":65,"column":45}},"23":{"start":{"line":66,"column":2},"end":{"line":66,"column":35}},"24":{"start":{"line":73,"column":16},"end":{"line":73,"column":54}},"25":{"start":{"line":74,"column":2},"end":{"line":76,"column":3}},"26":{"start":{"line":75,"column":4},"end":{"line":75,"column":50}},"27":{"start":{"line":77,"column":2},"end":{"line":81,"column":4}},"28":{"start":{"line":88,"column":12},"end":{"line":88,"column":32}},"29":{"start":{"line":90,"column":2},"end":{"line":105,"column":3}},"30":{"start":{"line":92,"column":6},"end":{"line":92,"column":16}},"31":{"start":{"line":93,"column":6},"end":{"line":93,"column":18}},"32":{"start":{"line":94,"column":6},"end":{"line":94,"column":18}},"33":{"start":{"line":95,"column":6},"end":{"line":95,"column":12}},"34":{"start":{"line":97,"column":6},"end":{"line":97,"column":16}},"35":{"start":{"line":98,"column":6},"end":{"line":98,"column":18}},"36":{"start":{"line":99,"column":6},"end":{"line":99,"column":12}},"37":{"start":{"line":101,"column":6},"end":{"line":101,"column":16}},"38":{"start":{"line":102,"column":6},"end":{"line":102,"column":12}},"39":{"start":{"line":104,"column":6},"end":{"line":104,"column":57}},"40":{"start":{"line":107,"column":2},"end":{"line":107,"column":44}},"41":{"start":{"line":114,"column":2},"end":{"line":121,"column":3}},"42":{"start":{"line":115,"column":17},"end":{"line":115,"column":66}},"43":{"start":{"line":116,"column":4},"end":{"line":116,"column":27}},"44":{"start":{"line":117,"column":4},"end":{"line":117,"column":81}},"45":{"start":{"line":118,"column":4},"end":{"line":118,"column":59}},"46":{"start":{"line":120,"column":4},"end":{"line":120,"column":71}},"47":{"start":{"line":128,"column":2},"end":{"line":143,"column":3}},"48":{"start":{"line":129,"column":15},"end":{"line":129,"column":50}},"49":{"start":{"line":130,"column":20},"end":{"line":133,"column":5}},"50":{"start":{"line":135,"column":4},"end":{"line":137,"column":5}},"51":{"start":{"line":136,"column":6},"end":{"line":136,"column":63}},"52":{"start":{"line":139,"column":4},"end":{"line":139,"column":50}},"53":{"start":{"line":140,"column":4},"end":{"line":140,"column":57}},"54":{"start":{"line":142,"column":4},"end":{"line":142,"column":69}},"55":{"start":{"line":150,"column":2},"end":{"line":157,"column":3}},"56":{"start":{"line":151,"column":17},"end":{"line":151,"column":64}},"57":{"start":{"line":152,"column":4},"end":{"line":152,"column":27}},"58":{"start":{"line":153,"column":4},"end":{"line":153,"column":79}},"59":{"start":{"line":154,"column":4},"end":{"line":154,"column":62}},"60":{"start":{"line":156,"column":4},"end":{"line":156,"column":74}},"61":{"start":{"line":164,"column":2},"end":{"line":165,"column":43}},"62":{"start":{"line":172,"column":2},"end":{"line":178,"column":3}},"63":{"start":{"line":173,"column":4},"end":{"line":177,"column":6}},"64":{"start":{"line":180,"column":2},"end":{"line":182,"column":3}},"65":{"start":{"line":181,"column":4},"end":{"line":181,"column":100}},"66":{"start":{"line":184,"column":2},"end":{"line":187,"column":4}},"67":{"start":{"line":194,"column":15},"end":{"line":194,"column":36}},"68":{"start":{"line":197,"column":2},"end":{"line":202,"column":3}},"69":{"start":{"line":198,"column":4},"end":{"line":198,"column":37}},"70":{"start":{"line":200,"column":4},"end":{"line":200,"column":77}},"71":{"start":{"line":201,"column":4},"end":{"line":201,"column":20}},"72":{"start":{"line":205,"column":2},"end":{"line":205,"column":44}},"73":{"start":{"line":206,"column":2},"end":{"line":206,"column":66}},"74":{"start":{"line":207,"column":2},"end":{"line":207,"column":64}},"75":{"start":{"line":208,"column":2},"end":{"line":208,"column":64}},"76":{"start":{"line":211,"column":18},"end":{"line":211,"column":58}},"77":{"start":{"line":213,"column":2},"end":{"line":217,"column":3}},"78":{"start":{"line":214,"column":4},"end":{"line":214,"column":68}},"79":{"start":{"line":216,"column":4},"end":{"line":216,"column":56}},"80":{"start":{"line":220,"column":2},"end":{"line":228,"column":3}},"81":{"start":{"line":221,"column":4},"end":{"line":221,"column":85}},"82":{"start":{"line":222,"column":4},"end":{"line":222,"column":29}},"83":{"start":{"line":223,"column":4},"end":{"line":223,"column":82}},"84":{"start":{"line":224,"column":4},"end":{"line":224,"column":94}},"85":{"start":{"line":225,"column":4},"end":{"line":225,"column":94}},"86":{"start":{"line":226,"column":4},"end":{"line":226,"column":94}},"87":{"start":{"line":227,"column":4},"end":{"line":227,"column":11}},"88":{"start":{"line":232,"column":2},"end":{"line":237,"column":3}},"89":{"start":{"line":233,"column":4},"end":{"line":233,"column":72}},"90":{"start":{"line":235,"column":4},"end":{"line":235,"column":55}},"91":{"start":{"line":236,"column":4},"end":{"line":236,"column":20}},"92":{"start":{"line":239,"column":21},"end":{"line":239,"column":40}},"93":{"start":{"line":241,"column":2},"end":{"line":245,"column":3}},"94":{"start":{"line":242,"column":4},"end":{"line":242,"column":123}},"95":{"start":{"line":244,"column":4},"end":{"line":244,"column":61}},"96":{"start":{"line":248,"column":2},"end":{"line":262,"column":3}},"97":{"start":{"line":249,"column":4},"end":{"line":249,"column":34}},"98":{"start":{"line":250,"column":4},"end":{"line":250,"column":32}},"99":{"start":{"line":251,"column":4},"end":{"line":251,"column":32}},"100":{"start":{"line":253,"column":4},"end":{"line":253,"column":87}},"101":{"start":{"line":254,"column":4},"end":{"line":254,"column":33}},"102":{"start":{"line":255,"column":4},"end":{"line":255,"column":49}},"103":{"start":{"line":256,"column":4},"end":{"line":256,"column":91}},"104":{"start":{"line":257,"column":4},"end":{"line":257,"column":52}},"105":{"start":{"line":258,"column":4},"end":{"line":258,"column":58}},"106":{"start":{"line":260,"column":4},"end":{"line":260,"column":70}},"107":{"start":{"line":261,"column":4},"end":{"line":261,"column":20}},"108":{"start":{"line":266,"column":0},"end":{"line":268,"column":1}},"109":{"start":{"line":267,"column":2},"end":{"line":267,"column":9}},"110":{"start":{"line":270,"column":0},"end":{"line":277,"column":2}}},"fnMap":{"0":{"name":"readVersions","decl":{"start":{"line":29,"column":9},"end":{"line":29,"column":21}},"loc":{"start":{"line":29,"column":24},"end":{"line":59,"column":1}},"line":29},"1":{"name":"validateSemver","decl":{"start":{"line":64,"column":9},"end":{"line":64,"column":23}},"loc":{"start":{"line":64,"column":33},"end":{"line":67,"column":1}},"line":64},"2":{"name":"parseSemver","decl":{"start":{"line":72,"column":9},"end":{"line":72,"column":20}},"loc":{"start":{"line":72,"column":30},"end":{"line":82,"column":1}},"line":72},"3":{"name":"incrementVersion","decl":{"start":{"line":87,"column":9},"end":{"line":87,"column":25}},"loc":{"start":{"line":87,"column":41},"end":{"line":108,"column":1}},"line":87},"4":{"name":"updatePackageJson","decl":{"start":{"line":113,"column":9},"end":{"line":113,"column":26}},"loc":{"start":{"line":113,"column":36},"end":{"line":122,"column":1}},"line":113},"5":{"name":"updateCargoToml","decl":{"start":{"line":127,"column":9},"end":{"line":127,"column":24}},"loc":{"start":{"line":127,"column":34},"end":{"line":144,"column":1}},"line":127},"6":{"name":"updateTauriConf","decl":{"start":{"line":149,"column":9},"end":{"line":149,"column":24}},"loc":{"start":{"line":149,"column":34},"end":{"line":158,"column":1}},"line":149},"7":{"name":"areVersionsSynchronized","decl":{"start":{"line":163,"column":9},"end":{"line":163,"column":32}},"loc":{"start":{"line":163,"column":43},"end":{"line":166,"column":1}},"line":163},"8":{"name":"determineNewVersion","decl":{"start":{"line":171,"column":9},"end":{"line":171,"column":28}},"loc":{"start":{"line":171,"column":50},"end":{"line":188,"column":1}},"line":171},"9":{"name":"main","decl":{"start":{"line":193,"column":9},"end":{"line":193,"column":13}},"loc":{"start":{"line":193,"column":16},"end":{"line":263,"column":1}},"line":193}},"branchMap":{"0":{"loc":{"start":{"line":34,"column":4},"end":{"line":36,"column":5}},"type":"if","locations":[{"start":{"line":34,"column":4},"end":{"line":36,"column":5}},{"start":{},"end":{}}],"line":34},"1":{"loc":{"start":{"line":37,"column":4},"end":{"line":39,"column":5}},"type":"if","locations":[{"start":{"line":37,"column":4},"end":{"line":39,"column":5}},{"start":{},"end":{}}],"line":37},"2":{"loc":{"start":{"line":43,"column":25},"end":{"line":43,"column":77}},"type":"cond-expr","locations":[{"start":{"line":43,"column":45},"end":{"line":43,"column":65}},{"start":{"line":43,"column":68},"end":{"line":43,"column":77}}],"line":43},"3":{"loc":{"start":{"line":51,"column":4},"end":{"line":53,"column":5}},"type":"if","locations":[{"start":{"line":51,"column":4},"end":{"line":53,"column":5}},{"start":{},"end":{}}],"line":51},"4":{"loc":{"start":{"line":54,"column":4},"end":{"line":56,"column":5}},"type":"if","locations":[{"start":{"line":54,"column":4},"end":{"line":56,"column":5}},{"start":{},"end":{}}],"line":54},"5":{"loc":{"start":{"line":74,"column":2},"end":{"line":76,"column":3}},"type":"if","locations":[{"start":{"line":74,"column":2},"end":{"line":76,"column":3}},{"start":{},"end":{}}],"line":74},"6":{"loc":{"start":{"line":90,"column":2},"end":{"line":105,"column":3}},"type":"switch","locations":[{"start":{"line":91,"column":4},"end":{"line":95,"column":12}},{"start":{"line":96,"column":4},"end":{"line":99,"column":12}},{"start":{"line":100,"column":4},"end":{"line":102,"column":12}},{"start":{"line":103,"column":4},"end":{"line":104,"column":57}}],"line":90},"7":{"loc":{"start":{"line":135,"column":4},"end":{"line":137,"column":5}},"type":"if","locations":[{"start":{"line":135,"column":4},"end":{"line":137,"column":5}},{"start":{},"end":{}}],"line":135},"8":{"loc":{"start":{"line":164,"column":9},"end":{"line":165,"column":42}},"type":"binary-expr","locations":[{"start":{"line":164,"column":9},"end":{"line":164,"column":44}},{"start":{"line":165,"column":9},"end":{"line":165,"column":42}}],"line":164},"9":{"loc":{"start":{"line":172,"column":2},"end":{"line":178,"column":3}},"type":"if","locations":[{"start":{"line":172,"column":2},"end":{"line":178,"column":3}},{"start":{},"end":{}}],"line":172},"10":{"loc":{"start":{"line":180,"column":2},"end":{"line":182,"column":3}},"type":"if","locations":[{"start":{"line":180,"column":2},"end":{"line":182,"column":3}},{"start":{},"end":{}}],"line":180},"11":{"loc":{"start":{"line":213,"column":2},"end":{"line":217,"column":3}},"type":"if","locations":[{"start":{"line":213,"column":2},"end":{"line":217,"column":3}},{"start":{"line":215,"column":9},"end":{"line":217,"column":3}}],"line":213},"12":{"loc":{"start":{"line":220,"column":2},"end":{"line":228,"column":3}},"type":"if","locations":[{"start":{"line":220,"column":2},"end":{"line":228,"column":3}},{"start":{},"end":{}}],"line":220},"13":{"loc":{"start":{"line":241,"column":2},"end":{"line":245,"column":3}},"type":"if","locations":[{"start":{"line":241,"column":2},"end":{"line":245,"column":3}},{"start":{"line":243,"column":9},"end":{"line":245,"column":3}}],"line":241},"14":{"loc":{"start":{"line":266,"column":0},"end":{"line":268,"column":1}},"type":"if","locations":[{"start":{"line":266,"column":0},"end":{"line":268,"column":1}},{"start":{},"end":{}}],"line":266}},"s":{"0":1,"1":1,"2":1,"3":1,"4":1,"5":1,"6":0,"7":0,"8":0,"9":0,"10":0,"11":0,"12":0,"13":0,"14":0,"15":0,"16":0,"17":0,"18":0,"19":0,"20":0,"21":0,"22":15,"23":15,"24":27,"25":27,"26":7,"27":20,"28":21,"29":21,"30":5,"31":5,"32":5,"33":5,"34":5,"35":5,"36":5,"37":5,"38":5,"39":2,"40":15,"41":0,"42":0,"43":0,"44":0,"45":0,"46":0,"47":0,"48":0,"49":0,"50":0,"51":0,"52":0,"53":0,"54":0,"55":0,"56":0,"57":0,"58":0,"59":0,"60":0,"61":5,"62":7,"63":3,"64":4,"65":3,"66":1,"67":0,"68":0,"69":0,"70":0,"71":0,"72":0,"73":0,"74":0,"75":0,"76":0,"77":0,"78":0,"79":0,"80":0,"81":0,"82":0,"83":0,"84":0,"85":0,"86":0,"87":0,"88":0,"89":0,"90":0,"91":0,"92":0,"93":0,"94":0,"95":0,"96":0,"97":0,"98":0,"99":0,"100":0,"101":0,"102":0,"103":0,"104":0,"105":0,"106":0,"107":0,"108":1,"109":1,"110":1},"f":{"0":0,"1":15,"2":27,"3":21,"4":0,"5":0,"6":0,"7":5,"8":7,"9":0},"b":{"0":[0,0],"1":[0,0],"2":[0,0],"3":[0,0],"4":[0,0],"5":[7,20],"6":[5,5,5,2],"7":[0,0],"8":[5,2],"9":[3,4],"10":[3,1],"11":[0,0],"12":[0,0],"13":[0,0],"14":[0,1]},"meta":{"lastBranch":15,"lastFunction":10,"lastStatement":111,"seen":{"s:18:11:18:24":0,"s:19:13:19:28":1,"s:21:17:21:43":2,"s:22:21:22:56":3,"s:23:19:23:65":4,"s:24:19:24:70":5,"f:29:9:29:21":0,"s:30:2:58:3":6,"s:31:24:31:73":7,"s:32:22:32:69":8,"b:34:4:36:5:undefined:undefined:undefined:undefined":0,"s:34:4:36:5":9,"s:35:6:35:60":10,"b:37:4:39:5:undefined:undefined:undefined:undefined":1,"s:37:4:39:5":11,"s:38:6:38:63":12,"s:41:22:41:57":13,"s:42:30:42:74":14,"s:43:25:43:77":15,"b:43:45:43:65:43:68:43:77":2,"s:45:4:49:6":16,"b:51:4:53:5:undefined:undefined:undefined:undefined":3,"s:51:4:53:5":17,"s:52:6:52:69":18,"b:54:4:56:5:undefined:undefined:undefined:undefined":4,"s:54:4:56:5":19,"s:55:6:55:78":20,"s:57:4:57:16":21,"f:64:9:64:23":1,"s:65:22:65:45":22,"s:66:2:66:35":23,"f:72:9:72:20":2,"s:73:16:73:54":24,"b:74:2:76:3:undefined:undefined:undefined:undefined":5,"s:74:2:76:3":25,"s:75:4:75:50":26,"s:77:2:81:4":27,"f:87:9:87:25":3,"s:88:12:88:32":28,"b:91:4:95:12:96:4:99:12:100:4:102:12:103:4:104:57":6,"s:90:2:105:3":29,"s:92:6:92:16":30,"s:93:6:93:18":31,"s:94:6:94:18":32,"s:95:6:95:12":33,"s:97:6:97:16":34,"s:98:6:98:18":35,"s:99:6:99:12":36,"s:101:6:101:16":37,"s:102:6:102:12":38,"s:104:6:104:57":39,"s:107:2:107:44":40,"f:113:9:113:26":4,"s:114:2:121:3":41,"s:115:17:115:66":42,"s:116:4:116:27":43,"s:117:4:117:81":44,"s:118:4:118:59":45,"s:120:4:120:71":46,"f:127:9:127:24":5,"s:128:2:143:3":47,"s:129:15:129:50":48,"s:130:20:133:5":49,"b:135:4:137:5:undefined:undefined:undefined:undefined":7,"s:135:4:137:5":50,"s:136:6:136:63":51,"s:139:4:139:50":52,"s:140:4:140:57":53,"s:142:4:142:69":54,"f:149:9:149:24":6,"s:150:2:157:3":55,"s:151:17:151:64":56,"s:152:4:152:27":57,"s:153:4:153:79":58,"s:154:4:154:62":59,"s:156:4:156:74":60,"f:163:9:163:32":7,"s:164:2:165:43":61,"b:164:9:164:44:165:9:165:42":8,"f:171:9:171:28":8,"b:172:2:178:3:undefined:undefined:undefined:undefined":9,"s:172:2:178:3":62,"s:173:4:177:6":63,"b:180:2:182:3:undefined:undefined:undefined:undefined":10,"s:180:2:182:3":64,"s:181:4:181:100":65,"s:184:2:187:4":66,"f:193:9:193:13":9,"s:194:15:194:36":67,"s:197:2:202:3":68,"s:198:4:198:37":69,"s:200:4:200:77":70,"s:201:4:201:20":71,"s:205:2:205:44":72,"s:206:2:206:66":73,"s:207:2:207:64":74,"s:208:2:208:64":75,"s:211:18:211:58":76,"b:213:2:217:3:215:9:217:3":11,"s:213:2:217:3":77,"s:214:4:214:68":78,"s:216:4:216:56":79,"b:220:2:228:3:undefined:undefined:undefined:undefined":12,"s:220:2:228:3":80,"s:221:4:221:85":81,"s:222:4:222:29":82,"s:223:4:223:82":83,"s:224:4:224:94":84,"s:225:4:225:94":85,"s:226:4:226:94":86,"s:227:4:227:11":87,"s:232:2:237:3":88,"s:233:4:233:72":89,"s:235:4:235:55":90,"s:236:4:236:20":91,"s:239:21:239:40":92,"b:241:2:245:3:243:9:245:3":13,"s:241:2:245:3":93,"s:242:4:242:123":94,"s:244:4:244:61":95,"s:248:2:262:3":96,"s:249:4:249:34":97,"s:250:4:250:32":98,"s:251:4:251:32":99,"s:253:4:253:87":100,"s:254:4:254:33":101,"s:255:4:255:49":102,"s:256:4:256:91":103,"s:257:4:257:52":104,"s:258:4:258:58":105,"s:260:4:260:70":106,"s:261:4:261:20":107,"b:266:0:268:1:undefined:undefined:undefined:undefined":14,"s:266:0:268:1":108,"s:267:2:267:9":109,"s:270:0:277:2":110}}}
,"E:\\ThirdScreen\\src\\application\\selectors.ts": {"path":"E:\\ThirdScreen\\src\\application\\selectors.ts","statementMap":{"0":{"start":{"line":3,"column":24},"end":{"line":3,"column":null}},"1":{"start":{"line":3,"column":49},"end":{"line":3,"column":56}},"2":{"start":{"line":4,"column":26},"end":{"line":4,"column":null}},"3":{"start":{"line":4,"column":51},"end":{"line":4,"column":60}},"4":{"start":{"line":5,"column":32},"end":{"line":5,"column":null}},"5":{"start":{"line":5,"column":57},"end":{"line":5,"column":72}},"6":{"start":{"line":6,"column":25},"end":{"line":6,"column":null}},"7":{"start":{"line":6,"column":50},"end":{"line":6,"column":58}},"8":{"start":{"line":7,"column":28},"end":{"line":7,"column":null}},"9":{"start":{"line":7,"column":53},"end":{"line":7,"column":64}},"10":{"start":{"line":8,"column":31},"end":{"line":8,"column":null}},"11":{"start":{"line":8,"column":56},"end":{"line":8,"column":70}},"12":{"start":{"line":9,"column":28},"end":{"line":9,"column":null}},"13":{"start":{"line":9,"column":53},"end":{"line":9,"column":64}},"14":{"start":{"line":10,"column":24},"end":{"line":10,"column":null}},"15":{"start":{"line":10,"column":49},"end":{"line":10,"column":56}},"16":{"start":{"line":11,"column":30},"end":{"line":15,"column":null}},"17":{"start":{"line":11,"column":56},"end":{"line":15,"column":2}},"18":{"start":{"line":16,"column":37},"end":{"line":20,"column":null}},"19":{"start":{"line":16,"column":63},"end":{"line":20,"column":2}},"20":{"start":{"line":21,"column":26},"end":{"line":21,"column":null}},"21":{"start":{"line":21,"column":51},"end":{"line":21,"column":63}},"22":{"start":{"line":22,"column":30},"end":{"line":22,"column":null}},"23":{"start":{"line":22,"column":55},"end":{"line":22,"column":68}}},"fnMap":{"0":{"name":"(anonymous_0)","decl":{"start":{"line":3,"column":24},"end":{"line":3,"column":30}},"loc":{"start":{"line":3,"column":24},"end":{"line":3,"column":null}},"line":3},"1":{"name":"(anonymous_1)","decl":{"start":{"line":3,"column":42},"end":{"line":3,"column":43}},"loc":{"start":{"line":3,"column":49},"end":{"line":3,"column":56}},"line":3},"2":{"name":"(anonymous_2)","decl":{"start":{"line":4,"column":26},"end":{"line":4,"column":32}},"loc":{"start":{"line":4,"column":26},"end":{"line":4,"column":null}},"line":4},"3":{"name":"(anonymous_3)","decl":{"start":{"line":4,"column":44},"end":{"line":4,"column":45}},"loc":{"start":{"line":4,"column":51},"end":{"line":4,"column":60}},"line":4},"4":{"name":"(anonymous_4)","decl":{"start":{"line":5,"column":32},"end":{"line":5,"column":38}},"loc":{"start":{"line":5,"column":32},"end":{"line":5,"column":null}},"line":5},"5":{"name":"(anonymous_5)","decl":{"start":{"line":5,"column":50},"end":{"line":5,"column":51}},"loc":{"start":{"line":5,"column":57},"end":{"line":5,"column":72}},"line":5},"6":{"name":"(anonymous_6)","decl":{"start":{"line":6,"column":25},"end":{"line":6,"column":31}},"loc":{"start":{"line":6,"column":25},"end":{"line":6,"column":null}},"line":6},"7":{"name":"(anonymous_7)","decl":{"start":{"line":6,"column":43},"end":{"line":6,"column":44}},"loc":{"start":{"line":6,"column":50},"end":{"line":6,"column":58}},"line":6},"8":{"name":"(anonymous_8)","decl":{"start":{"line":7,"column":28},"end":{"line":7,"column":34}},"loc":{"start":{"line":7,"column":28},"end":{"line":7,"column":null}},"line":7},"9":{"name":"(anonymous_9)","decl":{"start":{"line":7,"column":46},"end":{"line":7,"column":47}},"loc":{"start":{"line":7,"column":53},"end":{"line":7,"column":64}},"line":7},"10":{"name":"(anonymous_10)","decl":{"start":{"line":8,"column":31},"end":{"line":8,"column":37}},"loc":{"start":{"line":8,"column":31},"end":{"line":8,"column":null}},"line":8},"11":{"name":"(anonymous_11)","decl":{"start":{"line":8,"column":49},"end":{"line":8,"column":50}},"loc":{"start":{"line":8,"column":56},"end":{"line":8,"column":70}},"line":8},"12":{"name":"(anonymous_12)","decl":{"start":{"line":9,"column":28},"end":{"line":9,"column":34}},"loc":{"start":{"line":9,"column":28},"end":{"line":9,"column":null}},"line":9},"13":{"name":"(anonymous_13)","decl":{"start":{"line":9,"column":46},"end":{"line":9,"column":47}},"loc":{"start":{"line":9,"column":53},"end":{"line":9,"column":64}},"line":9},"14":{"name":"(anonymous_14)","decl":{"start":{"line":10,"column":24},"end":{"line":10,"column":30}},"loc":{"start":{"line":10,"column":24},"end":{"line":10,"column":null}},"line":10},"15":{"name":"(anonymous_15)","decl":{"start":{"line":10,"column":42},"end":{"line":10,"column":43}},"loc":{"start":{"line":10,"column":49},"end":{"line":10,"column":56}},"line":10},"16":{"name":"(anonymous_16)","decl":{"start":{"line":11,"column":30},"end":{"line":11,"column":36}},"loc":{"start":{"line":11,"column":30},"end":{"line":15,"column":null}},"line":11},"17":{"name":"(anonymous_17)","decl":{"start":{"line":11,"column":48},"end":{"line":11,"column":49}},"loc":{"start":{"line":11,"column":56},"end":{"line":15,"column":2}},"line":11},"18":{"name":"(anonymous_18)","decl":{"start":{"line":16,"column":37},"end":{"line":16,"column":43}},"loc":{"start":{"line":16,"column":37},"end":{"line":20,"column":null}},"line":16},"19":{"name":"(anonymous_19)","decl":{"start":{"line":16,"column":55},"end":{"line":16,"column":56}},"loc":{"start":{"line":16,"column":63},"end":{"line":20,"column":2}},"line":16},"20":{"name":"(anonymous_20)","decl":{"start":{"line":21,"column":26},"end":{"line":21,"column":32}},"loc":{"start":{"line":21,"column":26},"end":{"line":21,"column":null}},"line":21},"21":{"name":"(anonymous_21)","decl":{"start":{"line":21,"column":44},"end":{"line":21,"column":45}},"loc":{"start":{"line":21,"column":51},"end":{"line":21,"column":63}},"line":21},"22":{"name":"(anonymous_22)","decl":{"start":{"line":22,"column":30},"end":{"line":22,"column":36}},"loc":{"start":{"line":22,"column":30},"end":{"line":22,"column":null}},"line":22},"23":{"name":"(anonymous_23)","decl":{"start":{"line":22,"column":48},"end":{"line":22,"column":49}},"loc":{"start":{"line":22,"column":55},"end":{"line":22,"column":68}},"line":22}},"branchMap":{},"s":{"0":1,"1":1,"2":1,"3":1,"4":1,"5":1,"6":1,"7":1,"8":1,"9":1,"10":1,"11":1,"12":1,"13":1,"14":1,"15":1,"16":1,"17":1,"18":1,"19":1,"20":1,"21":1,"22":1,"23":1},"f":{"0":1,"1":1,"2":1,"3":1,"4":1,"5":1,"6":1,"7":1,"8":1,"9":1,"10":1,"11":1,"12":1,"13":1,"14":1,"15":1,"16":1,"17":1,"18":1,"19":1,"20":1,"21":1,"22":1,"23":1},"b":{},"meta":{"lastBranch":0,"lastFunction":24,"lastStatement":24,"seen":{"s:3:24:3:Infinity":0,"f:3:24:3:30":0,"f:3:42:3:43":1,"s:3:49:3:56":1,"s:4:26:4:Infinity":2,"f:4:26:4:32":2,"f:4:44:4:45":3,"s:4:51:4:60":3,"s:5:32:5:Infinity":4,"f:5:32:5:38":4,"f:5:50:5:51":5,"s:5:57:5:72":5,"s:6:25:6:Infinity":6,"f:6:25:6:31":6,"f:6:43:6:44":7,"s:6:50:6:58":7,"s:7:28:7:Infinity":8,"f:7:28:7:34":8,"f:7:46:7:47":9,"s:7:53:7:64":9,"s:8:31:8:Infinity":10,"f:8:31:8:37":10,"f:8:49:8:50":11,"s:8:56:8:70":11,"s:9:28:9:Infinity":12,"f:9:28:9:34":12,"f:9:46:9:47":13,"s:9:53:9:64":13,"s:10:24:10:Infinity":14,"f:10:24:10:30":14,"f:10:42:10:43":15,"s:10:49:10:56":15,"s:11:30:15:Infinity":16,"f:11:30:11:36":16,"f:11:48:11:49":17,"s:11:56:15:2":17,"s:16:37:20:Infinity":18,"f:16:37:16:43":18,"f:16:55:16:56":19,"s:16:63:20:2":19,"s:21:26:21:Infinity":20,"f:21:26:21:32":20,"f:21:44:21:45":21,"s:21:51:21:63":21,"s:22:30:22:Infinity":22,"f:22:30:22:36":22,"f:22:48:22:49":23,"s:22:55:22:68":23}}}
,"E:\\ThirdScreen\\src\\application\\services\\windowService.ts": {"path":"E:\\ThirdScreen\\src\\application\\services\\windowService.ts","statementMap":{"0":{"start":{"line":18,"column":21},"end":{"line":18,"column":null}},"1":{"start":{"line":19,"column":2},"end":{"line":19,"column":null}},"2":{"start":{"line":26,"column":21},"end":{"line":26,"column":null}},"3":{"start":{"line":27,"column":2},"end":{"line":27,"column":null}},"4":{"start":{"line":34,"column":31},"end":{"line":34,"column":null}},"5":{"start":{"line":35,"column":17},"end":{"line":35,"column":null}},"6":{"start":{"line":36,"column":19},"end":{"line":36,"column":null}},"7":{"start":{"line":37,"column":2},"end":{"line":37,"column":null}},"8":{"start":{"line":44,"column":31},"end":{"line":44,"column":null}},"9":{"start":{"line":45,"column":17},"end":{"line":45,"column":null}},"10":{"start":{"line":46,"column":31},"end":{"line":46,"column":null}},"11":{"start":{"line":47,"column":2},"end":{"line":47,"column":null}}},"fnMap":{"0":{"name":"setAlwaysOnTop","decl":{"start":{"line":16,"column":22},"end":{"line":16,"column":37}},"loc":{"start":{"line":16,"column":70},"end":{"line":20,"column":null}},"line":16},"1":{"name":"setFullscreen","decl":{"start":{"line":25,"column":22},"end":{"line":25,"column":36}},"loc":{"start":{"line":25,"column":72},"end":{"line":28,"column":null}},"line":25},"2":{"name":"getWindowPosition","decl":{"start":{"line":33,"column":22},"end":{"line":33,"column":77}},"loc":{"start":{"line":33,"column":77},"end":{"line":38,"column":null}},"line":33},"3":{"name":"setWindowPosition","decl":{"start":{"line":43,"column":22},"end":{"line":43,"column":40}},"loc":{"start":{"line":43,"column":77},"end":{"line":48,"column":null}},"line":43}},"branchMap":{},"s":{"0":1,"1":1,"2":1,"3":1,"4":1,"5":1,"6":1,"7":1,"8":1,"9":1,"10":1,"11":1},"f":{"0":1,"1":1,"2":1,"3":1},"b":{},"meta":{"lastBranch":0,"lastFunction":4,"lastStatement":12,"seen":{"f:16:22:16:37":0,"s:18:21:18:Infinity":0,"s:19:2:19:Infinity":1,"f:25:22:25:36":1,"s:26:21:26:Infinity":2,"s:27:2:27:Infinity":3,"f:33:22:33:77":2,"s:34:31:34:Infinity":4,"s:35:17:35:Infinity":5,"s:36:19:36:Infinity":6,"s:37:2:37:Infinity":7,"f:43:22:43:40":3,"s:44:31:44:Infinity":8,"s:45:17:45:Infinity":9,"s:46:31:46:Infinity":10,"s:47:2:47:Infinity":11}}}
,"E:\\ThirdScreen\\src\\domain\\calculators\\grid.ts": {"path":"E:\\ThirdScreen\\src\\domain\\calculators\\grid.ts","statementMap":{"0":{"start":{"line":13,"column":2},"end":{"line":13,"column":null}},"1":{"start":{"line":24,"column":2},"end":{"line":28,"column":null}},"2":{"start":{"line":43,"column":2},"end":{"line":50,"column":null}},"3":{"start":{"line":43,"column":15},"end":{"line":43,"column":18}},"4":{"start":{"line":44,"column":4},"end":{"line":49,"column":null}},"5":{"start":{"line":44,"column":17},"end":{"line":44,"column":20}},"6":{"start":{"line":45,"column":22},"end":{"line":45,"column":null}},"7":{"start":{"line":46,"column":6},"end":{"line":48,"column":null}},"8":{"start":{"line":46,"column":31},"end":{"line":46,"column":55}},"9":{"start":{"line":47,"column":8},"end":{"line":47,"column":null}},"10":{"start":{"line":51,"column":2},"end":{"line":51,"column":null}},"11":{"start":{"line":65,"column":20},"end":{"line":65,"column":null}},"12":{"start":{"line":66,"column":20},"end":{"line":66,"column":null}},"13":{"start":{"line":68,"column":8},"end":{"line":68,"column":null}},"14":{"start":{"line":69,"column":8},"end":{"line":69,"column":null}},"15":{"start":{"line":71,"column":2},"end":{"line":71,"column":null}},"16":{"start":{"line":79,"column":2},"end":{"line":79,"column":null}},"17":{"start":{"line":94,"column":2},"end":{"line":94,"column":null}}},"fnMap":{"0":{"name":"clampValue","decl":{"start":{"line":12,"column":16},"end":{"line":12,"column":27}},"loc":{"start":{"line":12,"column":76},"end":{"line":14,"column":null}},"line":12},"1":{"name":"boxesOverlap","decl":{"start":{"line":20,"column":16},"end":{"line":20,"column":null}},"loc":{"start":{"line":23,"column":11},"end":{"line":30,"column":null}},"line":23},"2":{"name":"findFirstAvailablePosition","decl":{"start":{"line":36,"column":16},"end":{"line":36,"column":null}},"loc":{"start":{"line":42,"column":35},"end":{"line":52,"column":null}},"line":42},"3":{"name":"(anonymous_3)","decl":{"start":{"line":46,"column":24},"end":{"line":46,"column":25}},"loc":{"start":{"line":46,"column":31},"end":{"line":46,"column":55}},"line":46},"4":{"name":"calculateCellSize","decl":{"start":{"line":58,"column":16},"end":{"line":58,"column":null}},"loc":{"start":{"line":64,"column":45},"end":{"line":72,"column":null}},"line":64},"5":{"name":"snapToGrid","decl":{"start":{"line":78,"column":16},"end":{"line":78,"column":27}},"loc":{"start":{"line":78,"column":81},"end":{"line":80,"column":null}},"line":78},"6":{"name":"fitsInGrid","decl":{"start":{"line":86,"column":16},"end":{"line":86,"column":null}},"loc":{"start":{"line":93,"column":11},"end":{"line":95,"column":null}},"line":93}},"branchMap":{"0":{"loc":{"start":{"line":25,"column":4},"end":{"line":28,"column":null}},"type":"binary-expr","locations":[{"start":{"line":25,"column":4},"end":{"line":25,"column":null}},{"start":{"line":26,"column":4},"end":{"line":26,"column":null}},{"start":{"line":27,"column":4},"end":{"line":27,"column":null}},{"start":{"line":28,"column":4},"end":{"line":28,"column":null}}],"line":25},"1":{"loc":{"start":{"line":46,"column":6},"end":{"line":48,"column":null}},"type":"if","locations":[{"start":{"line":46,"column":6},"end":{"line":48,"column":null}},{"start":{},"end":{}}],"line":46},"2":{"loc":{"start":{"line":63,"column":2},"end":{"line":63,"column":null}},"type":"default-arg","locations":[{"start":{"line":63,"column":16},"end":{"line":63,"column":null}}],"line":63},"3":{"loc":{"start":{"line":94,"column":9},"end":{"line":94,"column":null}},"type":"binary-expr","locations":[{"start":{"line":94,"column":9},"end":{"line":94,"column":19}},{"start":{"line":94,"column":19},"end":{"line":94,"column":29}},{"start":{"line":94,"column":29},"end":{"line":94,"column":54}},{"start":{"line":94,"column":54},"end":{"line":94,"column":null}}],"line":94}},"s":{"0":6,"1":64,"2":4,"3":4,"4":11,"5":11,"6":51,"7":51,"8":60,"9":3,"10":8,"11":3,"12":3,"13":3,"14":3,"15":3,"16":5,"17":6},"f":{"0":6,"1":64,"2":4,"3":60,"4":3,"5":5,"6":6},"b":{"0":[64,53,51,50],"1":[3,48],"2":[3],"3":[6,5,4,3]},"meta":{"lastBranch":4,"lastFunction":7,"lastStatement":18,"seen":{"f:12:16:12:27":0,"s:13:2:13:Infinity":0,"f:20:16:20:Infinity":1,"s:24:2:28:Infinity":1,"b:25:4:25:Infinity:26:4:26:Infinity:27:4:27:Infinity:28:4:28:Infinity":0,"f:36:16:36:Infinity":2,"s:43:2:50:Infinity":2,"s:43:15:43:18":3,"s:44:4:49:Infinity":4,"s:44:17:44:20":5,"s:45:22:45:Infinity":6,"b:46:6:48:Infinity:undefined:undefined:undefined:undefined":1,"s:46:6:48:Infinity":7,"f:46:24:46:25":3,"s:46:31:46:55":8,"s:47:8:47:Infinity":9,"s:51:2:51:Infinity":10,"f:58:16:58:Infinity":4,"b:63:16:63:Infinity":2,"s:65:20:65:Infinity":11,"s:66:20:66:Infinity":12,"s:68:8:68:Infinity":13,"s:69:8:69:Infinity":14,"s:71:2:71:Infinity":15,"f:78:16:78:27":5,"s:79:2:79:Infinity":16,"f:86:16:86:Infinity":6,"s:94:2:94:Infinity":17,"b:94:9:94:19:94:19:94:29:94:29:94:54:94:54:94:Infinity":3}}}
,"E:\\ThirdScreen\\src\\domain\\config\\widgetConstraints.ts": {"path":"E:\\ThirdScreen\\src\\domain\\config\\widgetConstraints.ts","statementMap":{"0":{"start":{"line":11,"column":52},"end":{"line":16,"column":null}},"1":{"start":{"line":19,"column":52},"end":{"line":24,"column":null}},"2":{"start":{"line":27,"column":55},"end":{"line":32,"column":null}},"3":{"start":{"line":35,"column":52},"end":{"line":40,"column":null}},"4":{"start":{"line":43,"column":52},"end":{"line":48,"column":null}},"5":{"start":{"line":51,"column":52},"end":{"line":56,"column":null}},"6":{"start":{"line":59,"column":57},"end":{"line":64,"column":null}},"7":{"start":{"line":67,"column":62},"end":{"line":72,"column":null}},"8":{"start":{"line":75,"column":58},"end":{"line":80,"column":null}},"9":{"start":{"line":83,"column":50},"end":{"line":88,"column":null}},"10":{"start":{"line":91,"column":51},"end":{"line":96,"column":null}},"11":{"start":{"line":99,"column":50},"end":{"line":104,"column":null}},"12":{"start":{"line":112,"column":69},"end":{"line":125,"column":null}},"13":{"start":{"line":131,"column":2},"end":{"line":136,"column":null}}},"fnMap":{"0":{"name":"getWidgetConstraints","decl":{"start":{"line":130,"column":16},"end":{"line":130,"column":37}},"loc":{"start":{"line":130,"column":76},"end":{"line":137,"column":null}},"line":130}},"branchMap":{"0":{"loc":{"start":{"line":131,"column":9},"end":{"line":136,"column":null}},"type":"binary-expr","locations":[{"start":{"line":131,"column":9},"end":{"line":131,"column":43}},{"start":{"line":131,"column":43},"end":{"line":136,"column":null}}],"line":131}},"s":{"0":1,"1":1,"2":1,"3":1,"4":1,"5":1,"6":1,"7":1,"8":1,"9":1,"10":1,"11":1,"12":1,"13":2},"f":{"0":2},"b":{"0":[2,1]},"meta":{"lastBranch":1,"lastFunction":1,"lastStatement":14,"seen":{"s:11:52:16:Infinity":0,"s:19:52:24:Infinity":1,"s:27:55:32:Infinity":2,"s:35:52:40:Infinity":3,"s:43:52:48:Infinity":4,"s:51:52:56:Infinity":5,"s:59:57:64:Infinity":6,"s:67:62:72:Infinity":7,"s:75:58:80:Infinity":8,"s:83:50:88:Infinity":9,"s:91:51:96:Infinity":10,"s:99:50:104:Infinity":11,"s:112:69:125:Infinity":12,"f:130:16:130:37":0,"s:131:2:136:Infinity":13,"b:131:9:131:43:131:43:136:Infinity":0}}}
,"E:\\ThirdScreen\\src\\domain\\contracts\\WidgetContract.ts": {"path":"E:\\ThirdScreen\\src\\domain\\contracts\\WidgetContract.ts","statementMap":{"0":{"start":{"line":75,"column":33},"end":{"line":120,"column":null}},"1":{"start":{"line":377,"column":27},"end":{"line":377,"column":null}},"2":{"start":{"line":378,"column":29},"end":{"line":378,"column":null}},"3":{"start":{"line":380,"column":27},"end":{"line":394,"column":null}},"4":{"start":{"line":381,"column":4},"end":{"line":385,"column":null}},"5":{"start":{"line":382,"column":6},"end":{"line":382,"column":null}},"6":{"start":{"line":383,"column":4},"end":{"line":385,"column":null}},"7":{"start":{"line":384,"column":6},"end":{"line":384,"column":null}},"8":{"start":{"line":387,"column":4},"end":{"line":389,"column":null}},"9":{"start":{"line":388,"column":6},"end":{"line":388,"column":null}},"10":{"start":{"line":391,"column":4},"end":{"line":393,"column":null}},"11":{"start":{"line":392,"column":6},"end":{"line":392,"column":null}},"12":{"start":{"line":396,"column":27},"end":{"line":408,"column":null}},"13":{"start":{"line":397,"column":4},"end":{"line":399,"column":null}},"14":{"start":{"line":398,"column":6},"end":{"line":398,"column":null}},"15":{"start":{"line":401,"column":4},"end":{"line":403,"column":null}},"16":{"start":{"line":402,"column":6},"end":{"line":402,"column":null}},"17":{"start":{"line":405,"column":4},"end":{"line":407,"column":null}},"18":{"start":{"line":406,"column":6},"end":{"line":406,"column":null}},"19":{"start":{"line":410,"column":25},"end":{"line":428,"column":null}},"20":{"start":{"line":411,"column":4},"end":{"line":414,"column":null}},"21":{"start":{"line":412,"column":6},"end":{"line":412,"column":null}},"22":{"start":{"line":413,"column":6},"end":{"line":413,"column":null}},"23":{"start":{"line":415,"column":86},"end":{"line":415,"column":null}},"24":{"start":{"line":416,"column":4},"end":{"line":418,"column":null}},"25":{"start":{"line":417,"column":6},"end":{"line":417,"column":null}},"26":{"start":{"line":419,"column":4},"end":{"line":421,"column":null}},"27":{"start":{"line":420,"column":6},"end":{"line":420,"column":null}},"28":{"start":{"line":422,"column":4},"end":{"line":424,"column":null}},"29":{"start":{"line":423,"column":6},"end":{"line":423,"column":null}},"30":{"start":{"line":425,"column":4},"end":{"line":427,"column":null}},"31":{"start":{"line":426,"column":6},"end":{"line":426,"column":null}},"32":{"start":{"line":430,"column":30},"end":{"line":444,"column":null}},"33":{"start":{"line":431,"column":4},"end":{"line":434,"column":null}},"34":{"start":{"line":432,"column":6},"end":{"line":432,"column":null}},"35":{"start":{"line":433,"column":6},"end":{"line":433,"column":null}},"36":{"start":{"line":435,"column":4},"end":{"line":437,"column":null}},"37":{"start":{"line":436,"column":6},"end":{"line":436,"column":null}},"38":{"start":{"line":438,"column":4},"end":{"line":440,"column":null}},"39":{"start":{"line":439,"column":6},"end":{"line":439,"column":null}},"40":{"start":{"line":441,"column":4},"end":{"line":443,"column":null}},"41":{"start":{"line":442,"column":6},"end":{"line":442,"column":null}},"42":{"start":{"line":446,"column":40},"end":{"line":461,"column":null}},"43":{"start":{"line":447,"column":4},"end":{"line":449,"column":null}},"44":{"start":{"line":448,"column":6},"end":{"line":448,"column":null}},"45":{"start":{"line":451,"column":4},"end":{"line":453,"column":null}},"46":{"start":{"line":452,"column":6},"end":{"line":452,"column":null}},"47":{"start":{"line":455,"column":4},"end":{"line":460,"column":null}},"48":{"start":{"line":456,"column":20},"end":{"line":456,"column":null}},"49":{"start":{"line":457,"column":6},"end":{"line":459,"column":null}},"50":{"start":{"line":458,"column":8},"end":{"line":458,"column":null}},"51":{"start":{"line":463,"column":2},"end":{"line":463,"column":null}},"52":{"start":{"line":464,"column":2},"end":{"line":464,"column":null}},"53":{"start":{"line":465,"column":2},"end":{"line":465,"column":null}},"54":{"start":{"line":466,"column":2},"end":{"line":466,"column":null}},"55":{"start":{"line":467,"column":2},"end":{"line":467,"column":null}},"56":{"start":{"line":469,"column":2},"end":{"line":469,"column":null}},"57":{"start":{"line":496,"column":2},"end":{"line":496,"column":null}},"58":{"start":{"line":496,"column":39},"end":{"line":496,"column":null}},"59":{"start":{"line":497,"column":21},"end":{"line":497,"column":null}},"60":{"start":{"line":498,"column":2},"end":{"line":498,"column":null}}},"fnMap":{"0":{"name":"validateWidgetContract","decl":{"start":{"line":376,"column":16},"end":{"line":376,"column":39}},"loc":{"start":{"line":376,"column":100},"end":{"line":470,"column":null}},"line":376},"1":{"name":"(anonymous_1)","decl":{"start":{"line":380,"column":27},"end":{"line":380,"column":33}},"loc":{"start":{"line":380,"column":33},"end":{"line":394,"column":null}},"line":380},"2":{"name":"(anonymous_2)","decl":{"start":{"line":396,"column":27},"end":{"line":396,"column":33}},"loc":{"start":{"line":396,"column":33},"end":{"line":408,"column":null}},"line":396},"3":{"name":"(anonymous_3)","decl":{"start":{"line":410,"column":25},"end":{"line":410,"column":31}},"loc":{"start":{"line":410,"column":31},"end":{"line":428,"column":null}},"line":410},"4":{"name":"(anonymous_4)","decl":{"start":{"line":430,"column":30},"end":{"line":430,"column":36}},"loc":{"start":{"line":430,"column":36},"end":{"line":444,"column":null}},"line":430},"5":{"name":"(anonymous_5)","decl":{"start":{"line":446,"column":40},"end":{"line":446,"column":46}},"loc":{"start":{"line":446,"column":46},"end":{"line":461,"column":null}},"line":446},"6":{"name":"isWidgetContract","decl":{"start":{"line":495,"column":16},"end":{"line":495,"column":33}},"loc":{"start":{"line":495,"column":70},"end":{"line":499,"column":null}},"line":495}},"branchMap":{"0":{"loc":{"start":{"line":381,"column":4},"end":{"line":385,"column":null}},"type":"if","locations":[{"start":{"line":381,"column":4},"end":{"line":385,"column":null}},{"start":{"line":383,"column":4},"end":{"line":385,"column":null}}],"line":381},"1":{"loc":{"start":{"line":381,"column":8},"end":{"line":381,"column":57}},"type":"binary-expr","locations":[{"start":{"line":381,"column":8},"end":{"line":381,"column":24}},{"start":{"line":381,"column":24},"end":{"line":381,"column":57}}],"line":381},"2":{"loc":{"start":{"line":383,"column":4},"end":{"line":385,"column":null}},"type":"if","locations":[{"start":{"line":383,"column":4},"end":{"line":385,"column":null}},{"start":{},"end":{}}],"line":383},"3":{"loc":{"start":{"line":387,"column":4},"end":{"line":389,"column":null}},"type":"if","locations":[{"start":{"line":387,"column":4},"end":{"line":389,"column":null}},{"start":{},"end":{}}],"line":387},"4":{"loc":{"start":{"line":387,"column":8},"end":{"line":387,"column":75}},"type":"binary-expr","locations":[{"start":{"line":387,"column":8},"end":{"line":387,"column":33}},{"start":{"line":387,"column":33},"end":{"line":387,"column":75}}],"line":387},"5":{"loc":{"start":{"line":391,"column":4},"end":{"line":393,"column":null}},"type":"if","locations":[{"start":{"line":391,"column":4},"end":{"line":393,"column":null}},{"start":{},"end":{}}],"line":391},"6":{"loc":{"start":{"line":397,"column":4},"end":{"line":399,"column":null}},"type":"if","locations":[{"start":{"line":397,"column":4},"end":{"line":399,"column":null}},{"start":{},"end":{}}],"line":397},"7":{"loc":{"start":{"line":401,"column":4},"end":{"line":403,"column":null}},"type":"if","locations":[{"start":{"line":401,"column":4},"end":{"line":403,"column":null}},{"start":{},"end":{}}],"line":401},"8":{"loc":{"start":{"line":401,"column":8},"end":{"line":401,"column":74}},"type":"binary-expr","locations":[{"start":{"line":401,"column":8},"end":{"line":401,"column":36}},{"start":{"line":401,"column":36},"end":{"line":401,"column":74}}],"line":401},"9":{"loc":{"start":{"line":405,"column":4},"end":{"line":407,"column":null}},"type":"if","locations":[{"start":{"line":405,"column":4},"end":{"line":407,"column":null}},{"start":{},"end":{}}],"line":405},"10":{"loc":{"start":{"line":411,"column":4},"end":{"line":414,"column":null}},"type":"if","locations":[{"start":{"line":411,"column":4},"end":{"line":414,"column":null}},{"start":{},"end":{}}],"line":411},"11":{"loc":{"start":{"line":416,"column":4},"end":{"line":418,"column":null}},"type":"if","locations":[{"start":{"line":416,"column":4},"end":{"line":418,"column":null}},{"start":{},"end":{}}],"line":416},"12":{"loc":{"start":{"line":416,"column":8},"end":{"line":416,"column":39}},"type":"binary-expr","locations":[{"start":{"line":416,"column":8},"end":{"line":416,"column":24}},{"start":{"line":416,"column":24},"end":{"line":416,"column":39}}],"line":416},"13":{"loc":{"start":{"line":419,"column":4},"end":{"line":421,"column":null}},"type":"if","locations":[{"start":{"line":419,"column":4},"end":{"line":421,"column":null}},{"start":{},"end":{}}],"line":419},"14":{"loc":{"start":{"line":419,"column":8},"end":{"line":419,"column":54}},"type":"binary-expr","locations":[{"start":{"line":419,"column":8},"end":{"line":419,"column":31}},{"start":{"line":419,"column":31},"end":{"line":419,"column":54}}],"line":419},"15":{"loc":{"start":{"line":422,"column":4},"end":{"line":424,"column":null}},"type":"if","locations":[{"start":{"line":422,"column":4},"end":{"line":424,"column":null}},{"start":{},"end":{}}],"line":422},"16":{"loc":{"start":{"line":422,"column":8},"end":{"line":422,"column":60}},"type":"binary-expr","locations":[{"start":{"line":422,"column":8},"end":{"line":422,"column":35}},{"start":{"line":422,"column":35},"end":{"line":422,"column":60}}],"line":422},"17":{"loc":{"start":{"line":425,"column":4},"end":{"line":427,"column":null}},"type":"if","locations":[{"start":{"line":425,"column":4},"end":{"line":427,"column":null}},{"start":{},"end":{}}],"line":425},"18":{"loc":{"start":{"line":425,"column":8},"end":{"line":425,"column":64}},"type":"binary-expr","locations":[{"start":{"line":425,"column":8},"end":{"line":425,"column":37}},{"start":{"line":425,"column":37},"end":{"line":425,"column":64}}],"line":425},"19":{"loc":{"start":{"line":431,"column":4},"end":{"line":434,"column":null}},"type":"if","locations":[{"start":{"line":431,"column":4},"end":{"line":434,"column":null}},{"start":{},"end":{}}],"line":431},"20":{"loc":{"start":{"line":435,"column":4},"end":{"line":437,"column":null}},"type":"if","locations":[{"start":{"line":435,"column":4},"end":{"line":437,"column":null}},{"start":{},"end":{}}],"line":435},"21":{"loc":{"start":{"line":438,"column":4},"end":{"line":440,"column":null}},"type":"if","locations":[{"start":{"line":438,"column":4},"end":{"line":440,"column":null}},{"start":{},"end":{}}],"line":438},"22":{"loc":{"start":{"line":441,"column":4},"end":{"line":443,"column":null}},"type":"if","locations":[{"start":{"line":441,"column":4},"end":{"line":443,"column":null}},{"start":{},"end":{}}],"line":441},"23":{"loc":{"start":{"line":447,"column":4},"end":{"line":449,"column":null}},"type":"if","locations":[{"start":{"line":447,"column":4},"end":{"line":449,"column":null}},{"start":{},"end":{}}],"line":447},"24":{"loc":{"start":{"line":447,"column":8},"end":{"line":447,"column":83}},"type":"binary-expr","locations":[{"start":{"line":447,"column":8},"end":{"line":447,"column":37}},{"start":{"line":447,"column":37},"end":{"line":447,"column":83}}],"line":447},"25":{"loc":{"start":{"line":451,"column":4},"end":{"line":453,"column":null}},"type":"if","locations":[{"start":{"line":451,"column":4},"end":{"line":453,"column":null}},{"start":{},"end":{}}],"line":451},"26":{"loc":{"start":{"line":451,"column":8},"end":{"line":451,"column":73}},"type":"binary-expr","locations":[{"start":{"line":451,"column":8},"end":{"line":451,"column":31}},{"start":{"line":451,"column":31},"end":{"line":451,"column":73}}],"line":451},"27":{"loc":{"start":{"line":455,"column":4},"end":{"line":460,"column":null}},"type":"if","locations":[{"start":{"line":455,"column":4},"end":{"line":460,"column":null}},{"start":{},"end":{}}],"line":455},"28":{"loc":{"start":{"line":457,"column":6},"end":{"line":459,"column":null}},"type":"if","locations":[{"start":{"line":457,"column":6},"end":{"line":459,"column":null}},{"start":{},"end":{}}],"line":457},"29":{"loc":{"start":{"line":457,"column":10},"end":{"line":457,"column":45}},"type":"binary-expr","locations":[{"start":{"line":457,"column":10},"end":{"line":457,"column":27}},{"start":{"line":457,"column":27},"end":{"line":457,"column":45}}],"line":457},"30":{"loc":{"start":{"line":496,"column":2},"end":{"line":496,"column":null}},"type":"if","locations":[{"start":{"line":496,"column":2},"end":{"line":496,"column":null}},{"start":{},"end":{}}],"line":496},"31":{"loc":{"start":{"line":496,"column":6},"end":{"line":496,"column":39}},"type":"binary-expr","locations":[{"start":{"line":496,"column":6},"end":{"line":496,"column":14}},{"start":{"line":496,"column":14},"end":{"line":496,"column":39}}],"line":496}},"s":{"0":2,"1":74,"2":74,"3":74,"4":74,"5":1,"6":73,"7":1,"8":74,"9":2,"10":74,"11":2,"12":74,"13":74,"14":2,"15":74,"16":2,"17":74,"18":3,"19":74,"20":74,"21":2,"22":2,"23":72,"24":72,"25":1,"26":72,"27":1,"28":72,"29":2,"30":72,"31":1,"32":74,"33":74,"34":2,"35":2,"36":72,"37":1,"38":72,"39":1,"40":72,"41":1,"42":74,"43":74,"44":2,"45":74,"46":2,"47":74,"48":2,"49":2,"50":1,"51":74,"52":74,"53":74,"54":74,"55":74,"56":74,"57":6,"58":4,"59":2,"60":2},"f":{"0":74,"1":74,"2":74,"3":74,"4":74,"5":74,"6":6},"b":{"0":[1,73],"1":[74,73],"2":[1,72],"3":[2,72],"4":[74,72],"5":[2,72],"6":[2,72],"7":[2,72],"8":[74,73],"9":[3,71],"10":[2,72],"11":[1,71],"12":[72,71],"13":[1,71],"14":[72,71],"15":[2,70],"16":[72,72],"17":[1,71],"18":[72,71],"19":[2,72],"20":[1,71],"21":[1,71],"22":[1,71],"23":[2,72],"24":[74,72],"25":[2,72],"26":[74,72],"27":[2,72],"28":[1,1],"29":[2,2],"30":[4,2],"31":[6,4]},"meta":{"lastBranch":32,"lastFunction":7,"lastStatement":61,"seen":{"s:75:33:120:Infinity":0,"f:376:16:376:39":0,"s:377:27:377:Infinity":1,"s:378:29:378:Infinity":2,"s:380:27:394:Infinity":3,"f:380:27:380:33":1,"b:381:4:385:Infinity:383:4:385:Infinity":0,"s:381:4:385:Infinity":4,"b:381:8:381:24:381:24:381:57":1,"s:382:6:382:Infinity":5,"b:383:4:385:Infinity:undefined:undefined:undefined:undefined":2,"s:383:4:385:Infinity":6,"s:384:6:384:Infinity":7,"b:387:4:389:Infinity:undefined:undefined:undefined:undefined":3,"s:387:4:389:Infinity":8,"b:387:8:387:33:387:33:387:75":4,"s:388:6:388:Infinity":9,"b:391:4:393:Infinity:undefined:undefined:undefined:undefined":5,"s:391:4:393:Infinity":10,"s:392:6:392:Infinity":11,"s:396:27:408:Infinity":12,"f:396:27:396:33":2,"b:397:4:399:Infinity:undefined:undefined:undefined:undefined":6,"s:397:4:399:Infinity":13,"s:398:6:398:Infinity":14,"b:401:4:403:Infinity:undefined:undefined:undefined:undefined":7,"s:401:4:403:Infinity":15,"b:401:8:401:36:401:36:401:74":8,"s:402:6:402:Infinity":16,"b:405:4:407:Infinity:undefined:undefined:undefined:undefined":9,"s:405:4:407:Infinity":17,"s:406:6:406:Infinity":18,"s:410:25:428:Infinity":19,"f:410:25:410:31":3,"b:411:4:414:Infinity:undefined:undefined:undefined:undefined":10,"s:411:4:414:Infinity":20,"s:412:6:412:Infinity":21,"s:413:6:413:Infinity":22,"s:415:86:415:Infinity":23,"b:416:4:418:Infinity:undefined:undefined:undefined:undefined":11,"s:416:4:418:Infinity":24,"b:416:8:416:24:416:24:416:39":12,"s:417:6:417:Infinity":25,"b:419:4:421:Infinity:undefined:undefined:undefined:undefined":13,"s:419:4:421:Infinity":26,"b:419:8:419:31:419:31:419:54":14,"s:420:6:420:Infinity":27,"b:422:4:424:Infinity:undefined:undefined:undefined:undefined":15,"s:422:4:424:Infinity":28,"b:422:8:422:35:422:35:422:60":16,"s:423:6:423:Infinity":29,"b:425:4:427:Infinity:undefined:undefined:undefined:undefined":17,"s:425:4:427:Infinity":30,"b:425:8:425:37:425:37:425:64":18,"s:426:6:426:Infinity":31,"s:430:30:444:Infinity":32,"f:430:30:430:36":4,"b:431:4:434:Infinity:undefined:undefined:undefined:undefined":19,"s:431:4:434:Infinity":33,"s:432:6:432:Infinity":34,"s:433:6:433:Infinity":35,"b:435:4:437:Infinity:undefined:undefined:undefined:undefined":20,"s:435:4:437:Infinity":36,"s:436:6:436:Infinity":37,"b:438:4:440:Infinity:undefined:undefined:undefined:undefined":21,"s:438:4:440:Infinity":38,"s:439:6:439:Infinity":39,"b:441:4:443:Infinity:undefined:undefined:undefined:undefined":22,"s:441:4:443:Infinity":40,"s:442:6:442:Infinity":41,"s:446:40:461:Infinity":42,"f:446:40:446:46":5,"b:447:4:449:Infinity:undefined:undefined:undefined:undefined":23,"s:447:4:449:Infinity":43,"b:447:8:447:37:447:37:447:83":24,"s:448:6:448:Infinity":44,"b:451:4:453:Infinity:undefined:undefined:undefined:undefined":25,"s:451:4:453:Infinity":45,"b:451:8:451:31:451:31:451:73":26,"s:452:6:452:Infinity":46,"b:455:4:460:Infinity:undefined:undefined:undefined:undefined":27,"s:455:4:460:Infinity":47,"s:456:20:456:Infinity":48,"b:457:6:459:Infinity:undefined:undefined:undefined:undefined":28,"s:457:6:459:Infinity":49,"b:457:10:457:27:457:27:457:45":29,"s:458:8:458:Infinity":50,"s:463:2:463:Infinity":51,"s:464:2:464:Infinity":52,"s:465:2:465:Infinity":53,"s:466:2:466:Infinity":54,"s:467:2:467:Infinity":55,"s:469:2:469:Infinity":56,"f:495:16:495:33":6,"b:496:2:496:Infinity:undefined:undefined:undefined:undefined":30,"s:496:2:496:Infinity":57,"b:496:6:496:14:496:14:496:39":31,"s:496:39:496:Infinity":58,"s:497:21:497:Infinity":59,"s:498:2:498:Infinity":60}}}
,"E:\\ThirdScreen\\src\\domain\\formatters\\system.ts": {"path":"E:\\ThirdScreen\\src\\domain\\formatters\\system.ts","statementMap":{"0":{"start":{"line":13,"column":2},"end":{"line":13,"column":null}},"1":{"start":{"line":13,"column":46},"end":{"line":13,"column":null}},"2":{"start":{"line":14,"column":16},"end":{"line":14,"column":null}},"3":{"start":{"line":15,"column":14},"end":{"line":15,"column":null}},"4":{"start":{"line":16,"column":16},"end":{"line":16,"column":null}},"5":{"start":{"line":17,"column":2},"end":{"line":17,"column":null}},"6":{"start":{"line":25,"column":2},"end":{"line":25,"column":null}},"7":{"start":{"line":33,"column":15},"end":{"line":33,"column":null}},"8":{"start":{"line":34,"column":18},"end":{"line":34,"column":null}},"9":{"start":{"line":35,"column":2},"end":{"line":35,"column":null}},"10":{"start":{"line":35,"column":19},"end":{"line":35,"column":null}},"11":{"start":{"line":36,"column":2},"end":{"line":36,"column":null}},"12":{"start":{"line":36,"column":20},"end":{"line":36,"column":null}},"13":{"start":{"line":37,"column":16},"end":{"line":37,"column":null}},"14":{"start":{"line":38,"column":2},"end":{"line":38,"column":null}},"15":{"start":{"line":38,"column":18},"end":{"line":38,"column":null}},"16":{"start":{"line":39,"column":15},"end":{"line":39,"column":null}},"17":{"start":{"line":40,"column":2},"end":{"line":40,"column":null}},"18":{"start":{"line":48,"column":2},"end":{"line":51,"column":null}},"19":{"start":{"line":49,"column":24},"end":{"line":49,"column":null}},"20":{"start":{"line":50,"column":4},"end":{"line":50,"column":null}},"21":{"start":{"line":52,"column":2},"end":{"line":52,"column":null}},"22":{"start":{"line":60,"column":16},"end":{"line":60,"column":null}},"23":{"start":{"line":61,"column":2},"end":{"line":61,"column":null}},"24":{"start":{"line":61,"column":63},"end":{"line":61,"column":null}},"25":{"start":{"line":62,"column":14},"end":{"line":62,"column":null}},"26":{"start":{"line":63,"column":16},"end":{"line":63,"column":null}},"27":{"start":{"line":64,"column":2},"end":{"line":64,"column":null}}},"fnMap":{"0":{"name":"formatBytes","decl":{"start":{"line":12,"column":16},"end":{"line":12,"column":28}},"loc":{"start":{"line":12,"column":51},"end":{"line":18,"column":null}},"line":12},"1":{"name":"formatPercent","decl":{"start":{"line":24,"column":16},"end":{"line":24,"column":30}},"loc":{"start":{"line":24,"column":53},"end":{"line":26,"column":null}},"line":24},"2":{"name":"formatRelative","decl":{"start":{"line":32,"column":16},"end":{"line":32,"column":31}},"loc":{"start":{"line":32,"column":84},"end":{"line":41,"column":null}},"line":32},"3":{"name":"formatTemperature","decl":{"start":{"line":47,"column":16},"end":{"line":47,"column":34}},"loc":{"start":{"line":47,"column":82},"end":{"line":53,"column":null}},"line":47},"4":{"name":"formatNetworkSpeed","decl":{"start":{"line":59,"column":16},"end":{"line":59,"column":35}},"loc":{"start":{"line":59,"column":67},"end":{"line":65,"column":null}},"line":59}},"branchMap":{"0":{"loc":{"start":{"line":13,"column":2},"end":{"line":13,"column":null}},"type":"if","locations":[{"start":{"line":13,"column":2},"end":{"line":13,"column":null}},{"start":{},"end":{}}],"line":13},"1":{"loc":{"start":{"line":13,"column":6},"end":{"line":13,"column":46}},"type":"binary-expr","locations":[{"start":{"line":13,"column":6},"end":{"line":13,"column":33}},{"start":{"line":13,"column":33},"end":{"line":13,"column":46}}],"line":13},"2":{"loc":{"start":{"line":32,"column":50},"end":{"line":32,"column":84}},"type":"default-arg","locations":[{"start":{"line":32,"column":64},"end":{"line":32,"column":84}}],"line":32},"3":{"loc":{"start":{"line":35,"column":2},"end":{"line":35,"column":null}},"type":"if","locations":[{"start":{"line":35,"column":2},"end":{"line":35,"column":null}},{"start":{},"end":{}}],"line":35},"4":{"loc":{"start":{"line":36,"column":2},"end":{"line":36,"column":null}},"type":"if","locations":[{"start":{"line":36,"column":2},"end":{"line":36,"column":null}},{"start":{},"end":{}}],"line":36},"5":{"loc":{"start":{"line":38,"column":2},"end":{"line":38,"column":null}},"type":"if","locations":[{"start":{"line":38,"column":2},"end":{"line":38,"column":null}},{"start":{},"end":{}}],"line":38},"6":{"loc":{"start":{"line":47,"column":51},"end":{"line":47,"column":82}},"type":"default-arg","locations":[{"start":{"line":47,"column":69},"end":{"line":47,"column":82}}],"line":47},"7":{"loc":{"start":{"line":48,"column":2},"end":{"line":51,"column":null}},"type":"if","locations":[{"start":{"line":48,"column":2},"end":{"line":51,"column":null}},{"start":{},"end":{}}],"line":48},"8":{"loc":{"start":{"line":61,"column":2},"end":{"line":61,"column":null}},"type":"if","locations":[{"start":{"line":61,"column":2},"end":{"line":61,"column":null}},{"start":{},"end":{}}],"line":61},"9":{"loc":{"start":{"line":61,"column":6},"end":{"line":61,"column":63}},"type":"binary-expr","locations":[{"start":{"line":61,"column":6},"end":{"line":61,"column":42}},{"start":{"line":61,"column":42},"end":{"line":61,"column":63}}],"line":61}},"s":{"0":19,"1":5,"2":14,"3":14,"4":14,"5":14,"6":10,"7":16,"8":16,"9":16,"10":4,"11":12,"12":12,"13":8,"14":8,"15":8,"16":4,"17":4,"18":13,"19":6,"20":6,"21":7,"22":14,"23":14,"24":5,"25":9,"26":9,"27":9},"f":{"0":19,"1":10,"2":16,"3":13,"4":14},"b":{"0":[5,14],"1":[19,16],"2":[16],"3":[4,12],"4":[4,8],"5":[4,4],"6":[13],"7":[6,7],"8":[5,9],"9":[14,12]},"meta":{"lastBranch":10,"lastFunction":5,"lastStatement":28,"seen":{"f:12:16:12:28":0,"b:13:2:13:Infinity:undefined:undefined:undefined:undefined":0,"s:13:2:13:Infinity":0,"b:13:6:13:33:13:33:13:46":1,"s:13:46:13:Infinity":1,"s:14:16:14:Infinity":2,"s:15:14:15:Infinity":3,"s:16:16:16:Infinity":4,"s:17:2:17:Infinity":5,"f:24:16:24:30":1,"s:25:2:25:Infinity":6,"f:32:16:32:31":2,"b:32:64:32:84":2,"s:33:15:33:Infinity":7,"s:34:18:34:Infinity":8,"b:35:2:35:Infinity:undefined:undefined:undefined:undefined":3,"s:35:2:35:Infinity":9,"s:35:19:35:Infinity":10,"b:36:2:36:Infinity:undefined:undefined:undefined:undefined":4,"s:36:2:36:Infinity":11,"s:36:20:36:Infinity":12,"s:37:16:37:Infinity":13,"b:38:2:38:Infinity:undefined:undefined:undefined:undefined":5,"s:38:2:38:Infinity":14,"s:38:18:38:Infinity":15,"s:39:15:39:Infinity":16,"s:40:2:40:Infinity":17,"f:47:16:47:34":3,"b:47:69:47:82":6,"b:48:2:51:Infinity:undefined:undefined:undefined:undefined":7,"s:48:2:51:Infinity":18,"s:49:24:49:Infinity":19,"s:50:4:50:Infinity":20,"s:52:2:52:Infinity":21,"f:59:16:59:35":4,"s:60:16:60:Infinity":22,"b:61:2:61:Infinity:undefined:undefined:undefined:undefined":8,"s:61:2:61:Infinity":23,"b:61:6:61:42:61:42:61:63":9,"s:61:63:61:Infinity":24,"s:62:14:62:Infinity":25,"s:63:16:63:Infinity":26,"s:64:2:64:Infinity":27}}}
,"E:\\ThirdScreen\\src\\domain\\models\\widgets.ts": {"path":"E:\\ThirdScreen\\src\\domain\\models\\widgets.ts","statementMap":{"0":{"start":{"line":33,"column":66},"end":{"line":47,"column":null}},"1":{"start":{"line":49,"column":46},"end":{"line":49,"column":null}},"2":{"start":{"line":50,"column":48},"end":{"line":50,"column":null}},"3":{"start":{"line":51,"column":43},"end":{"line":51,"column":null}},"4":{"start":{"line":52,"column":51},"end":{"line":52,"column":null}},"5":{"start":{"line":53,"column":57},"end":{"line":53,"column":null}},"6":{"start":{"line":54,"column":52},"end":{"line":54,"column":null}},"7":{"start":{"line":55,"column":56},"end":{"line":55,"column":null}},"8":{"start":{"line":58,"column":2},"end":{"line":60,"column":null}},"9":{"start":{"line":59,"column":4},"end":{"line":59,"column":null}},"10":{"start":{"line":62,"column":20},"end":{"line":62,"column":null}},"11":{"start":{"line":63,"column":42},"end":{"line":66,"column":null}},"12":{"start":{"line":69,"column":19},"end":{"line":69,"column":null}},"13":{"start":{"line":69,"column":70},"end":{"line":69,"column":null}},"14":{"start":{"line":70,"column":22},"end":{"line":70,"column":null}},"15":{"start":{"line":70,"column":62},"end":{"line":70,"column":null}},"16":{"start":{"line":71,"column":29},"end":{"line":71,"column":null}},"17":{"start":{"line":71,"column":68},"end":{"line":71,"column":null}},"18":{"start":{"line":73,"column":2},"end":{"line":73,"column":null}},"19":{"start":{"line":74,"column":2},"end":{"line":74,"column":null}},"20":{"start":{"line":75,"column":2},"end":{"line":75,"column":null}},"21":{"start":{"line":76,"column":2},"end":{"line":76,"column":null}},"22":{"start":{"line":77,"column":2},"end":{"line":77,"column":null}},"23":{"start":{"line":78,"column":2},"end":{"line":78,"column":null}},"24":{"start":{"line":79,"column":2},"end":{"line":79,"column":null}},"25":{"start":{"line":80,"column":2},"end":{"line":80,"column":null}},"26":{"start":{"line":82,"column":27},"end":{"line":82,"column":null}},"27":{"start":{"line":83,"column":2},"end":{"line":86,"column":null}},"28":{"start":{"line":88,"column":2},"end":{"line":88,"column":null}},"29":{"start":{"line":89,"column":2},"end":{"line":89,"column":null}},"30":{"start":{"line":90,"column":2},"end":{"line":90,"column":null}},"31":{"start":{"line":92,"column":29},"end":{"line":101,"column":null}},"32":{"start":{"line":93,"column":15},"end":{"line":93,"column":null}},"33":{"start":{"line":94,"column":4},"end":{"line":99,"column":null}},"34":{"start":{"line":95,"column":6},"end":{"line":98,"column":null}},"35":{"start":{"line":100,"column":4},"end":{"line":100,"column":null}},"36":{"start":{"line":103,"column":2},"end":{"line":103,"column":null}},"37":{"start":{"line":105,"column":2},"end":{"line":105,"column":null}},"38":{"start":{"line":117,"column":66},"end":{"line":122,"column":null}},"39":{"start":{"line":125,"column":2},"end":{"line":127,"column":null}},"40":{"start":{"line":126,"column":4},"end":{"line":126,"column":null}},"41":{"start":{"line":128,"column":20},"end":{"line":128,"column":null}},"42":{"start":{"line":129,"column":2},"end":{"line":134,"column":null}},"43":{"start":{"line":147,"column":66},"end":{"line":151,"column":null}},"44":{"start":{"line":154,"column":2},"end":{"line":156,"column":null}},"45":{"start":{"line":155,"column":4},"end":{"line":155,"column":null}},"46":{"start":{"line":157,"column":20},"end":{"line":157,"column":null}},"47":{"start":{"line":158,"column":44},"end":{"line":158,"column":null}},"48":{"start":{"line":159,"column":2},"end":{"line":167,"column":null}},"49":{"start":{"line":182,"column":66},"end":{"line":188,"column":null}},"50":{"start":{"line":191,"column":2},"end":{"line":193,"column":null}},"51":{"start":{"line":192,"column":4},"end":{"line":192,"column":null}},"52":{"start":{"line":194,"column":20},"end":{"line":194,"column":null}},"53":{"start":{"line":195,"column":44},"end":{"line":195,"column":null}},"54":{"start":{"line":196,"column":2},"end":{"line":204,"column":null}},"55":{"start":{"line":222,"column":66},"end":{"line":227,"column":null}},"56":{"start":{"line":230,"column":2},"end":{"line":232,"column":null}},"57":{"start":{"line":231,"column":4},"end":{"line":231,"column":null}},"58":{"start":{"line":233,"column":20},"end":{"line":233,"column":null}},"59":{"start":{"line":236,"column":31},"end":{"line":236,"column":null}},"60":{"start":{"line":237,"column":2},"end":{"line":247,"column":null}},"61":{"start":{"line":238,"column":4},"end":{"line":246,"column":null}},"62":{"start":{"line":239,"column":6},"end":{"line":244,"column":null}},"63":{"start":{"line":249,"column":2},"end":{"line":260,"column":null}},"64":{"start":{"line":277,"column":76},"end":{"line":280,"column":null}},"65":{"start":{"line":283,"column":2},"end":{"line":285,"column":null}},"66":{"start":{"line":284,"column":4},"end":{"line":284,"column":null}},"67":{"start":{"line":286,"column":20},"end":{"line":286,"column":null}},"68":{"start":{"line":289,"column":32},"end":{"line":289,"column":null}},"69":{"start":{"line":290,"column":2},"end":{"line":300,"column":null}},"70":{"start":{"line":291,"column":4},"end":{"line":299,"column":null}},"71":{"start":{"line":292,"column":6},"end":{"line":297,"column":null}},"72":{"start":{"line":302,"column":2},"end":{"line":307,"column":null}},"73":{"start":{"line":318,"column":62},"end":{"line":322,"column":null}},"74":{"start":{"line":325,"column":2},"end":{"line":327,"column":null}},"75":{"start":{"line":326,"column":4},"end":{"line":326,"column":null}},"76":{"start":{"line":328,"column":20},"end":{"line":328,"column":null}},"77":{"start":{"line":329,"column":2},"end":{"line":337,"column":null}},"78":{"start":{"line":351,"column":85},"end":{"line":358,"column":null}},"79":{"start":{"line":361,"column":2},"end":{"line":363,"column":null}},"80":{"start":{"line":362,"column":4},"end":{"line":362,"column":null}},"81":{"start":{"line":365,"column":20},"end":{"line":365,"column":null}},"82":{"start":{"line":366,"column":2},"end":{"line":387,"column":null}}},"fnMap":{"0":{"name":"ensureClockWidgetSettings","decl":{"start":{"line":57,"column":16},"end":{"line":57,"column":42}},"loc":{"start":{"line":57,"column":83},"end":{"line":106,"column":null}},"line":57},"1":{"name":"(anonymous_1)","decl":{"start":{"line":69,"column":19},"end":{"line":69,"column":23}},"loc":{"start":{"line":69,"column":70},"end":{"line":69,"column":null}},"line":69},"2":{"name":"(anonymous_2)","decl":{"start":{"line":70,"column":22},"end":{"line":70,"column":23}},"loc":{"start":{"line":70,"column":62},"end":{"line":70,"column":null}},"line":70},"3":{"name":"(anonymous_3)","decl":{"start":{"line":71,"column":29},"end":{"line":71,"column":30}},"loc":{"start":{"line":71,"column":68},"end":{"line":71,"column":null}},"line":71},"4":{"name":"(anonymous_4)","decl":{"start":{"line":92,"column":29},"end":{"line":92,"column":35}},"loc":{"start":{"line":92,"column":35},"end":{"line":101,"column":null}},"line":92},"5":{"name":"ensureTimerWidgetSettings","decl":{"start":{"line":124,"column":16},"end":{"line":124,"column":42}},"loc":{"start":{"line":124,"column":83},"end":{"line":135,"column":null}},"line":124},"6":{"name":"ensureImageWidgetSettings","decl":{"start":{"line":153,"column":16},"end":{"line":153,"column":42}},"loc":{"start":{"line":153,"column":83},"end":{"line":168,"column":null}},"line":153},"7":{"name":"ensureVideoWidgetSettings","decl":{"start":{"line":190,"column":16},"end":{"line":190,"column":42}},"loc":{"start":{"line":190,"column":83},"end":{"line":205,"column":null}},"line":190},"8":{"name":"ensureNotesWidgetSettings","decl":{"start":{"line":229,"column":16},"end":{"line":229,"column":42}},"loc":{"start":{"line":229,"column":83},"end":{"line":261,"column":null}},"line":229},"9":{"name":"(anonymous_9)","decl":{"start":{"line":238,"column":40},"end":{"line":238,"column":41}},"loc":{"start":{"line":238,"column":68},"end":{"line":246,"column":5}},"line":238},"10":{"name":"ensureQuickLinksWidgetSettings","decl":{"start":{"line":282,"column":16},"end":{"line":282,"column":47}},"loc":{"start":{"line":282,"column":93},"end":{"line":308,"column":null}},"line":282},"11":{"name":"(anonymous_11)","decl":{"start":{"line":291,"column":40},"end":{"line":291,"column":41}},"loc":{"start":{"line":291,"column":69},"end":{"line":299,"column":5}},"line":291},"12":{"name":"ensurePDFWidgetSettings","decl":{"start":{"line":324,"column":16},"end":{"line":324,"column":40}},"loc":{"start":{"line":324,"column":79},"end":{"line":338,"column":null}},"line":324},"13":{"name":"ensureNetworkMonitorWidgetSettings","decl":{"start":{"line":360,"column":16},"end":{"line":360,"column":51}},"loc":{"start":{"line":360,"column":101},"end":{"line":388,"column":null}},"line":360}},"branchMap":{"0":{"loc":{"start":{"line":58,"column":2},"end":{"line":60,"column":null}},"type":"if","locations":[{"start":{"line":58,"column":2},"end":{"line":60,"column":null}},{"start":{},"end":{}}],"line":58},"1":{"loc":{"start":{"line":58,"column":6},"end":{"line":58,"column":49}},"type":"binary-expr","locations":[{"start":{"line":58,"column":6},"end":{"line":58,"column":19}},{"start":{"line":58,"column":19},"end":{"line":58,"column":49}}],"line":58},"2":{"loc":{"start":{"line":69,"column":70},"end":{"line":69,"column":null}},"type":"cond-expr","locations":[{"start":{"line":69,"column":102},"end":{"line":69,"column":116}},{"start":{"line":69,"column":116},"end":{"line":69,"column":null}}],"line":69},"3":{"loc":{"start":{"line":70,"column":62},"end":{"line":70,"column":null}},"type":"cond-expr","locations":[{"start":{"line":70,"column":91},"end":{"line":70,"column":99}},{"start":{"line":70,"column":99},"end":{"line":70,"column":null}}],"line":70},"4":{"loc":{"start":{"line":71,"column":68},"end":{"line":71,"column":null}},"type":"cond-expr","locations":[{"start":{"line":71,"column":123},"end":{"line":71,"column":131}},{"start":{"line":71,"column":131},"end":{"line":71,"column":null}}],"line":71},"5":{"loc":{"start":{"line":71,"column":68},"end":{"line":71,"column":123}},"type":"binary-expr","locations":[{"start":{"line":71,"column":68},"end":{"line":71,"column":97}},{"start":{"line":71,"column":97},"end":{"line":71,"column":123}}],"line":71},"6":{"loc":{"start":{"line":73,"column":23},"end":{"line":73,"column":null}},"type":"cond-expr","locations":[{"start":{"line":73,"column":56},"end":{"line":73,"column":64}},{"start":{"line":73,"column":64},"end":{"line":73,"column":null}}],"line":73},"7":{"loc":{"start":{"line":82,"column":27},"end":{"line":82,"column":null}},"type":"cond-expr","locations":[{"start":{"line":82,"column":98},"end":{"line":82,"column":150}},{"start":{"line":82,"column":150},"end":{"line":82,"column":null}}],"line":82},"8":{"loc":{"start":{"line":82,"column":27},"end":{"line":82,"column":98}},"type":"binary-expr","locations":[{"start":{"line":82,"column":27},"end":{"line":82,"column":68}},{"start":{"line":82,"column":68},"end":{"line":82,"column":98}}],"line":82},"9":{"loc":{"start":{"line":94,"column":4},"end":{"line":99,"column":null}},"type":"if","locations":[{"start":{"line":94,"column":4},"end":{"line":99,"column":null}},{"start":{},"end":{}}],"line":94},"10":{"loc":{"start":{"line":94,"column":8},"end":{"line":94,"column":121}},"type":"binary-expr","locations":[{"start":{"line":94,"column":8},"end":{"line":94,"column":14}},{"start":{"line":94,"column":14},"end":{"line":94,"column":40}},{"start":{"line":94,"column":40},"end":{"line":94,"column":81}},{"start":{"line":94,"column":81},"end":{"line":94,"column":121}}],"line":94},"11":{"loc":{"start":{"line":125,"column":2},"end":{"line":127,"column":null}},"type":"if","locations":[{"start":{"line":125,"column":2},"end":{"line":127,"column":null}},{"start":{},"end":{}}],"line":125},"12":{"loc":{"start":{"line":125,"column":6},"end":{"line":125,"column":49}},"type":"binary-expr","locations":[{"start":{"line":125,"column":6},"end":{"line":125,"column":19}},{"start":{"line":125,"column":19},"end":{"line":125,"column":49}}],"line":125},"13":{"loc":{"start":{"line":130,"column":21},"end":{"line":130,"column":null}},"type":"cond-expr","locations":[{"start":{"line":130,"column":69},"end":{"line":130,"column":97}},{"start":{"line":130,"column":97},"end":{"line":130,"column":null}}],"line":130},"14":{"loc":{"start":{"line":131,"column":21},"end":{"line":131,"column":null}},"type":"cond-expr","locations":[{"start":{"line":131,"column":69},"end":{"line":131,"column":97}},{"start":{"line":131,"column":97},"end":{"line":131,"column":null}}],"line":131},"15":{"loc":{"start":{"line":132,"column":11},"end":{"line":132,"column":null}},"type":"cond-expr","locations":[{"start":{"line":132,"column":49},"end":{"line":132,"column":67}},{"start":{"line":132,"column":67},"end":{"line":132,"column":null}}],"line":132},"16":{"loc":{"start":{"line":133,"column":15},"end":{"line":133,"column":null}},"type":"cond-expr","locations":[{"start":{"line":133,"column":58},"end":{"line":133,"column":80}},{"start":{"line":133,"column":80},"end":{"line":133,"column":null}}],"line":133},"17":{"loc":{"start":{"line":154,"column":2},"end":{"line":156,"column":null}},"type":"if","locations":[{"start":{"line":154,"column":2},"end":{"line":156,"column":null}},{"start":{},"end":{}}],"line":154},"18":{"loc":{"start":{"line":154,"column":6},"end":{"line":154,"column":49}},"type":"binary-expr","locations":[{"start":{"line":154,"column":6},"end":{"line":154,"column":19}},{"start":{"line":154,"column":19},"end":{"line":154,"column":49}}],"line":154},"19":{"loc":{"start":{"line":160,"column":15},"end":{"line":160,"column":null}},"type":"cond-expr","locations":[{"start":{"line":160,"column":57},"end":{"line":160,"column":79}},{"start":{"line":160,"column":79},"end":{"line":160,"column":null}}],"line":160},"20":{"loc":{"start":{"line":161,"column":15},"end":{"line":163,"column":null}},"type":"cond-expr","locations":[{"start":{"line":162,"column":9},"end":{"line":162,"column":null}},{"start":{"line":163,"column":8},"end":{"line":163,"column":null}}],"line":161},"21":{"loc":{"start":{"line":164,"column":13},"end":{"line":166,"column":null}},"type":"cond-expr","locations":[{"start":{"line":165,"column":8},"end":{"line":165,"column":null}},{"start":{"line":166,"column":8},"end":{"line":166,"column":null}}],"line":164},"22":{"loc":{"start":{"line":164,"column":13},"end":{"line":164,"column":null}},"type":"binary-expr","locations":[{"start":{"line":164,"column":13},"end":{"line":164,"column":54}},{"start":{"line":164,"column":54},"end":{"line":164,"column":80}},{"start":{"line":164,"column":80},"end":{"line":164,"column":null}}],"line":164},"23":{"loc":{"start":{"line":191,"column":2},"end":{"line":193,"column":null}},"type":"if","locations":[{"start":{"line":191,"column":2},"end":{"line":193,"column":null}},{"start":{},"end":{}}],"line":191},"24":{"loc":{"start":{"line":191,"column":6},"end":{"line":191,"column":49}},"type":"binary-expr","locations":[{"start":{"line":191,"column":6},"end":{"line":191,"column":19}},{"start":{"line":191,"column":19},"end":{"line":191,"column":49}}],"line":191},"25":{"loc":{"start":{"line":197,"column":15},"end":{"line":197,"column":null}},"type":"cond-expr","locations":[{"start":{"line":197,"column":57},"end":{"line":197,"column":79}},{"start":{"line":197,"column":79},"end":{"line":197,"column":null}}],"line":197},"26":{"loc":{"start":{"line":198,"column":15},"end":{"line":200,"column":null}},"type":"cond-expr","locations":[{"start":{"line":199,"column":9},"end":{"line":199,"column":null}},{"start":{"line":200,"column":8},"end":{"line":200,"column":null}}],"line":198},"27":{"loc":{"start":{"line":201,"column":14},"end":{"line":201,"column":null}},"type":"cond-expr","locations":[{"start":{"line":201,"column":56},"end":{"line":201,"column":77}},{"start":{"line":201,"column":77},"end":{"line":201,"column":null}}],"line":201},"28":{"loc":{"start":{"line":202,"column":10},"end":{"line":202,"column":null}},"type":"cond-expr","locations":[{"start":{"line":202,"column":48},"end":{"line":202,"column":65}},{"start":{"line":202,"column":65},"end":{"line":202,"column":null}}],"line":202},"29":{"loc":{"start":{"line":203,"column":11},"end":{"line":203,"column":null}},"type":"cond-expr","locations":[{"start":{"line":203,"column":50},"end":{"line":203,"column":68}},{"start":{"line":203,"column":68},"end":{"line":203,"column":null}}],"line":203},"30":{"loc":{"start":{"line":230,"column":2},"end":{"line":232,"column":null}},"type":"if","locations":[{"start":{"line":230,"column":2},"end":{"line":232,"column":null}},{"start":{},"end":{}}],"line":230},"31":{"loc":{"start":{"line":230,"column":6},"end":{"line":230,"column":49}},"type":"binary-expr","locations":[{"start":{"line":230,"column":6},"end":{"line":230,"column":19}},{"start":{"line":230,"column":19},"end":{"line":230,"column":49}}],"line":230},"32":{"loc":{"start":{"line":237,"column":2},"end":{"line":247,"column":null}},"type":"if","locations":[{"start":{"line":237,"column":2},"end":{"line":247,"column":null}},{"start":{},"end":{}}],"line":237},"33":{"loc":{"start":{"line":240,"column":8},"end":{"line":244,"column":null}},"type":"binary-expr","locations":[{"start":{"line":240,"column":8},"end":{"line":240,"column":null}},{"start":{"line":241,"column":8},"end":{"line":241,"column":null}},{"start":{"line":242,"column":8},"end":{"line":242,"column":null}},{"start":{"line":243,"column":8},"end":{"line":243,"column":null}},{"start":{"line":244,"column":8},"end":{"line":244,"column":null}}],"line":240},"34":{"loc":{"start":{"line":250,"column":11},"end":{"line":252,"column":null}},"type":"cond-expr","locations":[{"start":{"line":251,"column":8},"end":{"line":251,"column":null}},{"start":{"line":252,"column":8},"end":{"line":252,"column":null}}],"line":250},"35":{"loc":{"start":{"line":250,"column":11},"end":{"line":250,"column":null}},"type":"binary-expr","locations":[{"start":{"line":250,"column":11},"end":{"line":250,"column":41}},{"start":{"line":250,"column":41},"end":{"line":250,"column":null}}],"line":250},"36":{"loc":{"start":{"line":253,"column":14},"end":{"line":255,"column":null}},"type":"cond-expr","locations":[{"start":{"line":254,"column":8},"end":{"line":254,"column":null}},{"start":{"line":255,"column":8},"end":{"line":255,"column":null}}],"line":253},"37":{"loc":{"start":{"line":257,"column":14},"end":{"line":259,"column":null}},"type":"cond-expr","locations":[{"start":{"line":258,"column":8},"end":{"line":258,"column":null}},{"start":{"line":259,"column":8},"end":{"line":259,"column":null}}],"line":257},"38":{"loc":{"start":{"line":257,"column":14},"end":{"line":257,"column":null}},"type":"binary-expr","locations":[{"start":{"line":257,"column":14},"end":{"line":257,"column":56}},{"start":{"line":257,"column":56},"end":{"line":257,"column":null}}],"line":257},"39":{"loc":{"start":{"line":283,"column":2},"end":{"line":285,"column":null}},"type":"if","locations":[{"start":{"line":283,"column":2},"end":{"line":285,"column":null}},{"start":{},"end":{}}],"line":283},"40":{"loc":{"start":{"line":283,"column":6},"end":{"line":283,"column":49}},"type":"binary-expr","locations":[{"start":{"line":283,"column":6},"end":{"line":283,"column":19}},{"start":{"line":283,"column":19},"end":{"line":283,"column":49}}],"line":283},"41":{"loc":{"start":{"line":290,"column":2},"end":{"line":300,"column":null}},"type":"if","locations":[{"start":{"line":290,"column":2},"end":{"line":300,"column":null}},{"start":{},"end":{}}],"line":290},"42":{"loc":{"start":{"line":293,"column":8},"end":{"line":297,"column":null}},"type":"binary-expr","locations":[{"start":{"line":293,"column":8},"end":{"line":293,"column":null}},{"start":{"line":294,"column":8},"end":{"line":294,"column":null}},{"start":{"line":295,"column":8},"end":{"line":295,"column":null}},{"start":{"line":296,"column":8},"end":{"line":296,"column":null}},{"start":{"line":297,"column":8},"end":{"line":297,"column":null}}],"line":293},"43":{"loc":{"start":{"line":304,"column":17},"end":{"line":306,"column":null}},"type":"cond-expr","locations":[{"start":{"line":305,"column":8},"end":{"line":305,"column":null}},{"start":{"line":306,"column":8},"end":{"line":306,"column":null}}],"line":304},"44":{"loc":{"start":{"line":304,"column":17},"end":{"line":304,"column":null}},"type":"binary-expr","locations":[{"start":{"line":304,"column":17},"end":{"line":304,"column":62}},{"start":{"line":304,"column":62},"end":{"line":304,"column":91}},{"start":{"line":304,"column":91},"end":{"line":304,"column":null}}],"line":304},"45":{"loc":{"start":{"line":325,"column":2},"end":{"line":327,"column":null}},"type":"if","locations":[{"start":{"line":325,"column":2},"end":{"line":327,"column":null}},{"start":{},"end":{}}],"line":325},"46":{"loc":{"start":{"line":325,"column":6},"end":{"line":325,"column":49}},"type":"binary-expr","locations":[{"start":{"line":325,"column":6},"end":{"line":325,"column":19}},{"start":{"line":325,"column":19},"end":{"line":325,"column":49}}],"line":325},"47":{"loc":{"start":{"line":330,"column":13},"end":{"line":330,"column":null}},"type":"cond-expr","locations":[{"start":{"line":330,"column":53},"end":{"line":330,"column":73}},{"start":{"line":330,"column":73},"end":{"line":330,"column":null}}],"line":330},"48":{"loc":{"start":{"line":331,"column":10},"end":{"line":333,"column":null}},"type":"cond-expr","locations":[{"start":{"line":332,"column":8},"end":{"line":332,"column":null}},{"start":{"line":333,"column":8},"end":{"line":333,"column":null}}],"line":331},"49":{"loc":{"start":{"line":331,"column":10},"end":{"line":331,"column":null}},"type":"binary-expr","locations":[{"start":{"line":331,"column":10},"end":{"line":331,"column":48}},{"start":{"line":331,"column":48},"end":{"line":331
[...]
:{"start":{"line":51,"column":91},"end":{"line":62,"column":null}},"line":51},"2":{"name":"createAlert","decl":{"start":{"line":68,"column":9},"end":{"line":68,"column":21}},"loc":{"start":{"line":68,"column":83},"end":{"line":77,"column":null}},"line":68},"3":{"name":"getMetricValue","decl":{"start":{"line":83,"column":9},"end":{"line":83,"column":24}},"loc":{"start":{"line":83,"column":84},"end":{"line":91,"column":null}},"line":83},"4":{"name":"createDefaultAlertRules","decl":{"start":{"line":97,"column":16},"end":{"line":97,"column":55}},"loc":{"start":{"line":97,"column":55},"end":{"line":124,"column":null}},"line":97}},"branchMap":{"0":{"loc":{"start":{"line":29,"column":2},"end":{"line":29,"column":null}},"type":"default-arg","locations":[{"start":{"line":29,"column":22},"end":{"line":29,"column":null}}],"line":29},"1":{"loc":{"start":{"line":34,"column":4},"end":{"line":34,"column":null}},"type":"if","locations":[{"start":{"line":34,"column":4},"end":{"line":34,"column":null}},{"start":{},"end":{}}],"line":34},"2":{"loc":{"start":{"line":37,"column":4},"end":{"line":37,"column":null}},"type":"if","locations":[{"start":{"line":37,"column":4},"end":{"line":37,"column":null}},{"start":{},"end":{}}],"line":37},"3":{"loc":{"start":{"line":39,"column":4},"end":{"line":41,"column":null}},"type":"if","locations":[{"start":{"line":39,"column":4},"end":{"line":41,"column":null}},{"start":{},"end":{}}],"line":39},"4":{"loc":{"start":{"line":52,"column":2},"end":{"line":61,"column":null}},"type":"switch","locations":[{"start":{"line":53,"column":4},"end":{"line":54,"column":null}},{"start":{"line":55,"column":4},"end":{"line":56,"column":null}},{"start":{"line":57,"column":4},"end":{"line":58,"column":null}},{"start":{"line":59,"column":4},"end":{"line":60,"column":null}}],"line":52},"5":{"loc":{"start":{"line":86,"column":2},"end":{"line":86,"column":null}},"type":"if","locations":[{"start":{"line":86,"column":2},"end":{"line":86,"column":null}},{"start":{},"end":{}}],"line":86},"6":{"loc":{"start":{"line":86,"column":6},"end":{"line":86,"column":66}},"type":"binary-expr","locations":[{"start":{"line":86,"column":6},"end":{"line":86,"column":36}},{"start":{"line":86,"column":36},"end":{"line":86,"column":66}}],"line":86},"7":{"loc":{"start":{"line":87,"column":2},"end":{"line":87,"column":null}},"type":"if","locations":[{"start":{"line":87,"column":2},"end":{"line":87,"column":null}},{"start":{},"end":{}}],"line":87},"8":{"loc":{"start":{"line":87,"column":6},"end":{"line":87,"column":65}},"type":"binary-expr","locations":[{"start":{"line":87,"column":6},"end":{"line":87,"column":36}},{"start":{"line":87,"column":36},"end":{"line":87,"column":65}}],"line":87},"9":{"loc":{"start":{"line":88,"column":2},"end":{"line":88,"column":null}},"type":"if","locations":[{"start":{"line":88,"column":2},"end":{"line":88,"column":null}},{"start":{},"end":{}}],"line":88},"10":{"loc":{"start":{"line":88,"column":6},"end":{"line":88,"column":65}},"type":"binary-expr","locations":[{"start":{"line":88,"column":6},"end":{"line":88,"column":36}},{"start":{"line":88,"column":36},"end":{"line":88,"column":65}}],"line":88}},"s":{"0":12,"1":12,"2":15,"3":2,"4":13,"5":13,"6":2,"7":11,"8":10,"9":12,"10":11,"11":6,"12":2,"13":2,"14":1,"15":10,"16":13,"17":13,"18":5,"19":8,"20":5,"21":3,"22":1,"23":2,"24":5},"f":{"0":12,"1":11,"2":10,"3":13,"4":5},"b":{"0":[12],"1":[2,13],"2":[2,11],"3":[10,1],"4":[6,2,2,1],"5":[5,8],"6":[13,10],"7":[5,3],"8":[8,5],"9":[1,2],"10":[3,1]},"meta":{"lastBranch":11,"lastFunction":5,"lastStatement":25,"seen":{"f:26:16:26:Infinity":0,"b:29:22:29:Infinity":0,"s:31:30:31:Infinity":0,"s:33:2:42:Infinity":1,"b:34:4:34:Infinity:undefined:undefined:undefined:undefined":1,"s:34:4:34:Infinity":2,"s:34:23:34:Infinity":3,"s:36:18:36:Infinity":4,"b:37:4:37:Infinity:undefined:undefined:undefined:undefined":2,"s:37:4:37:Infinity":5,"s:37:24:37:Infinity":6,"b:39:4:41:Infinity:undefined:undefined:undefined:undefined":3,"s:39:4:41:Infinity":7,"s:40:6:40:Infinity":8,"s:44:2:44:Infinity":9,"f:51:9:51:23":1,"b:53:4:54:Infinity:55:4:56:Infinity:57:4:58:Infinity:59:4:60:Infinity":4,"s:52:2:61:Infinity":10,"s:54:6:54:Infinity":11,"s:56:6:56:Infinity":12,"s:58:6:58:Infinity":13,"s:60:6:60:Infinity":14,"f:68:9:68:21":2,"s:69:2:76:Infinity":15,"f:83:9:83:24":3,"s:84:21:84:Infinity":16,"b:86:2:86:Infinity:undefined:undefined:undefined:undefined":5,"s:86:2:86:Infinity":17,"b:86:6:86:36:86:36:86:66":6,"s:86:66:86:Infinity":18,"b:87:2:87:Infinity:undefined:undefined:undefined:undefined":7,"s:87:2:87:Infinity":19,"b:87:6:87:36:87:36:87:65":8,"s:87:65:87:Infinity":20,"b:88:2:88:Infinity:undefined:undefined:undefined:undefined":9,"s:88:2:88:Infinity":21,"b:88:6:88:36:88:36:88:65":10,"s:88:65:88:Infinity":22,"s:90:2:90:Infinity":23,"f:97:16:97:55":4,"s:98:2:123:Infinity":24}}}
,"E:\\ThirdScreen\\src\\utils\\performance.ts": {"path":"E:\\ThirdScreen\\src\\utils\\performance.ts","statementMap":{"0":{"start":{"line":23,"column":2},"end":{"line":23,"column":null}},"1":{"start":{"line":23,"column":15},"end":{"line":23,"column":null}},"2":{"start":{"line":34,"column":2},"end":{"line":34,"column":null}},"3":{"start":{"line":34,"column":15},"end":{"line":34,"column":null}},"4":{"start":{"line":45,"column":2},"end":{"line":47,"column":null}},"5":{"start":{"line":46,"column":4},"end":{"line":46,"column":null}},"6":{"start":{"line":55,"column":8},"end":{"line":55,"column":null}},"7":{"start":{"line":56,"column":8},"end":{"line":56,"column":null}},"8":{"start":{"line":58,"column":2},"end":{"line":58,"column":null}},"9":{"start":{"line":60,"column":2},"end":{"line":72,"column":null}},"10":{"start":{"line":61,"column":24},"end":{"line":63,"column":null}},"11":{"start":{"line":62,"column":24},"end":{"line":62,"column":63}},"12":{"start":{"line":63,"column":21},"end":{"line":63,"column":31}},"13":{"start":{"line":65,"column":4},"end":{"line":69,"column":null}},"14":{"start":{"line":66,"column":6},"end":{"line":68,"column":null}},"15":{"start":{"line":71,"column":4},"end":{"line":71,"column":null}}},"fnMap":{"0":{"name":"createShallowSelector","decl":{"start":{"line":19,"column":16},"end":{"line":19,"column":null}},"loc":{"start":{"line":22,"column":2},"end":{"line":24,"column":null}},"line":22},"1":{"name":"(anonymous_1)","decl":{"start":{"line":23,"column":9},"end":{"line":23,"column":15}},"loc":{"start":{"line":23,"column":15},"end":{"line":23,"column":null}},"line":23},"2":{"name":"createValueSelector","decl":{"start":{"line":30,"column":16},"end":{"line":30,"column":null}},"loc":{"start":{"line":33,"column":2},"end":{"line":35,"column":null}},"line":33},"3":{"name":"(anonymous_3)","decl":{"start":{"line":34,"column":9},"end":{"line":34,"column":15}},"loc":{"start":{"line":34,"column":15},"end":{"line":34,"column":null}},"line":34},"4":{"name":"createActionSelector","decl":{"start":{"line":41,"column":16},"end":{"line":41,"column":null}},"loc":{"start":{"line":44,"column":2},"end":{"line":48,"column":null}},"line":44},"5":{"name":"(anonymous_5)","decl":{"start":{"line":45,"column":9},"end":{"line":45,"column":15}},"loc":{"start":{"line":45,"column":15},"end":{"line":47,"column":null}},"line":45},"6":{"name":"usePerformanceMonitor","decl":{"start":{"line":54,"column":16},"end":{"line":54,"column":38}},"loc":{"start":{"line":54,"column":78},"end":{"line":73,"column":null}},"line":54},"7":{"name":"(anonymous_7)","decl":{"start":{"line":60,"column":12},"end":{"line":60,"column":18}},"loc":{"start":{"line":60,"column":18},"end":{"line":72,"column":3}},"line":60},"8":{"name":"(anonymous_8)","decl":{"start":{"line":62,"column":11},"end":{"line":62,"column":12}},"loc":{"start":{"line":62,"column":24},"end":{"line":62,"column":63}},"line":62},"9":{"name":"(anonymous_9)","decl":{"start":{"line":63,"column":14},"end":{"line":63,"column":15}},"loc":{"start":{"line":63,"column":21},"end":{"line":63,"column":31}},"line":63}},"branchMap":{"0":{"loc":{"start":{"line":62,"column":24},"end":{"line":62,"column":63}},"type":"cond-expr","locations":[{"start":{"line":62,"column":54},"end":{"line":62,"column":58}},{"start":{"line":62,"column":58},"end":{"line":62,"column":63}}],"line":62},"1":{"loc":{"start":{"line":65,"column":4},"end":{"line":69,"column":null}},"type":"if","locations":[{"start":{"line":65,"column":4},"end":{"line":69,"column":null}},{"start":{},"end":{}}],"line":65}},"s":{"0":1,"1":1,"2":1,"3":1,"4":1,"5":0,"6":0,"7":0,"8":0,"9":0,"10":0,"11":0,"12":0,"13":0,"14":0,"15":0},"f":{"0":1,"1":1,"2":1,"3":1,"4":1,"5":0,"6":0,"7":0,"8":0,"9":0},"b":{"0":[0,0],"1":[0,0]},"meta":{"lastBranch":2,"lastFunction":10,"lastStatement":16,"seen":{"f:19:16:19:Infinity":0,"s:23:2:23:Infinity":0,"f:23:9:23:15":1,"s:23:15:23:Infinity":1,"f:30:16:30:Infinity":2,"s:34:2:34:Infinity":2,"f:34:9:34:15":3,"s:34:15:34:Infinity":3,"f:41:16:41:Infinity":4,"s:45:2:47:Infinity":4,"f:45:9:45:15":5,"s:46:4:46:Infinity":5,"f:54:16:54:38":6,"s:55:8:55:Infinity":6,"s:56:8:56:Infinity":7,"s:58:2:58:Infinity":8,"s:60:2:72:Infinity":9,"f:60:12:60:18":7,"s:61:24:63:Infinity":10,"f:62:11:62:12":8,"s:62:24:62:63":11,"b:62:54:62:58:62:58:62:63":0,"f:63:14:63:15":9,"s:63:21:63:31":12,"b:65:4:69:Infinity:undefined:undefined:undefined:undefined":1,"s:65:4:69:Infinity":13,"s:66:6:68:Infinity":14,"s:71:4:71:Infinity":15}}}
,"E:\\ThirdScreen\\src\\utils\\performanceMonitoring.ts": {"path":"E:\\ThirdScreen\\src\\utils\\performanceMonitoring.ts","statementMap":{"0":{"start":{"line":35,"column":22},"end":{"line":35,"column":null}},"1":{"start":{"line":49,"column":8},"end":{"line":49,"column":null}},"2":{"start":{"line":50,"column":8},"end":{"line":50,"column":null}},"3":{"start":{"line":51,"column":8},"end":{"line":51,"column":null}},"4":{"start":{"line":53,"column":2},"end":{"line":84,"column":null}},"5":{"start":{"line":54,"column":4},"end":{"line":54,"column":null}},"6":{"start":{"line":55,"column":16},"end":{"line":55,"column":null}},"7":{"start":{"line":56,"column":21},"end":{"line":56,"column":null}},"8":{"start":{"line":59,"column":4},"end":{"line":59,"column":null}},"9":{"start":{"line":60,"column":4},"end":{"line":62,"column":null}},"10":{"start":{"line":61,"column":6},"end":{"line":61,"column":null}},"11":{"start":{"line":65,"column":6},"end":{"line":66,"column":null}},"12":{"start":{"line":65,"column":50},"end":{"line":65,"column":57}},"13":{"start":{"line":68,"column":4},"end":{"line":73,"column":null}},"14":{"start":{"line":76,"column":4},"end":{"line":81,"column":null}},"15":{"start":{"line":77,"column":6},"end":{"line":80,"column":null}},"16":{"start":{"line":83,"column":4},"end":{"line":83,"column":null}},"17":{"start":{"line":91,"column":2},"end":{"line":91,"column":null}},"18":{"start":{"line":98,"column":2},"end":{"line":98,"column":null}},"19":{"start":{"line":112,"column":19},"end":{"line":112,"column":null}},"20":{"start":{"line":118,"column":19},"end":{"line":118,"column":null}},"21":{"start":{"line":120,"column":2},"end":{"line":139,"column":null}},"22":{"start":{"line":121,"column":25},"end":{"line":121,"column":null}},"23":{"start":{"line":122,"column":29},"end":{"line":122,"column":null}},"24":{"start":{"line":124,"column":4},"end":{"line":130,"column":null}},"25":{"start":{"line":132,"column":4},"end":{"line":138,"column":null}},"26":{"start":{"line":146,"column":2},"end":{"line":146,"column":null}},"27":{"start":{"line":146,"column":56},"end":{"line":146,"column":81}},"28":{"start":{"line":153,"column":2},"end":{"line":153,"column":null}},"29":{"start":{"line":160,"column":2},"end":{"line":160,"column":null}},"30":{"start":{"line":163,"column":2},"end":{"line":163,"column":null}},"31":{"start":{"line":164,"column":18},"end":{"line":164,"column":null}},"32":{"start":{"line":165,"column":2},"end":{"line":173,"column":null}},"33":{"start":{"line":166,"column":4},"end":{"line":170,"column":null}},"34":{"start":{"line":166,"column":36},"end":{"line":170,"column":6}},"35":{"start":{"line":172,"column":4},"end":{"line":172,"column":null}},"36":{"start":{"line":174,"column":2},"end":{"line":174,"column":null}},"37":{"start":{"line":177,"column":2},"end":{"line":177,"column":null}},"38":{"start":{"line":178,"column":14},"end":{"line":178,"column":null}},"39":{"start":{"line":179,"column":2},"end":{"line":188,"column":null}},"40":{"start":{"line":180,"column":4},"end":{"line":185,"column":null}},"41":{"start":{"line":180,"column":32},"end":{"line":185,"column":6}},"42":{"start":{"line":187,"column":4},"end":{"line":187,"column":null}},"43":{"start":{"line":189,"column":2},"end":{"line":189,"column":null}},"44":{"start":{"line":191,"column":2},"end":{"line":191,"column":null}},"45":{"start":{"line":197,"column":0},"end":{"line":202,"column":null}},"46":{"start":{"line":198,"column":18},"end":{"line":198,"column":null}},"47":{"start":{"line":199,"column":2},"end":{"line":201,"column":null}},"48":{"start":{"line":200,"column":4},"end":{"line":200,"column":null}},"49":{"start":{"line":205,"column":0},"end":{"line":211,"column":null}}},"fnMap":{"0":{"name":"useRenderTracking","decl":{"start":{"line":48,"column":16},"end":{"line":48,"column":34}},"loc":{"start":{"line":48,"column":57},"end":{"line":85,"column":null}},"line":48},"1":{"name":"(anonymous_1)","decl":{"start":{"line":53,"column":12},"end":{"line":53,"column":18}},"loc":{"start":{"line":53,"column":18},"end":{"line":84,"column":3}},"line":53},"2":{"name":"(anonymous_2)","decl":{"start":{"line":65,"column":40},"end":{"line":65,"column":41}},"loc":{"start":{"line":65,"column":50},"end":{"line":65,"column":57}},"line":65},"3":{"name":"getRenderMetrics","decl":{"start":{"line":90,"column":16},"end":{"line":90,"column":52}},"loc":{"start":{"line":90,"column":52},"end":{"line":92,"column":null}},"line":90},"4":{"name":"resetRenderMetrics","decl":{"start":{"line":97,"column":16},"end":{"line":97,"column":37}},"loc":{"start":{"line":97,"column":37},"end":{"line":99,"column":null}},"line":97},"5":{"name":"trackIpcCall","decl":{"start":{"line":117,"column":16},"end":{"line":117,"column":29}},"loc":{"start":{"line":117,"column":64},"end":{"line":140,"column":null}},"line":117},"6":{"name":"getIpcMetrics","decl":{"start":{"line":145,"column":16},"end":{"line":145,"column":46}},"loc":{"start":{"line":145,"column":46},"end":{"line":147,"column":null}},"line":145},"7":{"name":"(anonymous_7)","decl":{"start":{"line":146,"column":46},"end":{"line":146,"column":47}},"loc":{"start":{"line":146,"column":56},"end":{"line":146,"column":81}},"line":146},"8":{"name":"resetIpcMetrics","decl":{"start":{"line":152,"column":16},"end":{"line":152,"column":34}},"loc":{"start":{"line":152,"column":34},"end":{"line":154,"column":null}},"line":152},"9":{"name":"logPerformanceSummary","decl":{"start":{"line":159,"column":16},"end":{"line":159,"column":40}},"loc":{"start":{"line":159,"column":40},"end":{"line":192,"column":null}},"line":159},"10":{"name":"(anonymous_10)","decl":{"start":{"line":166,"column":30},"end":{"line":166,"column":36}},"loc":{"start":{"line":166,"column":36},"end":{"line":170,"column":6}},"line":166},"11":{"name":"(anonymous_11)","decl":{"start":{"line":180,"column":26},"end":{"line":180,"column":32}},"loc":{"start":{"line":180,"column":32},"end":{"line":185,"column":6}},"line":180},"12":{"name":"(anonymous_12)","decl":{"start":{"line":197,"column":12},"end":{"line":197,"column":18}},"loc":{"start":{"line":197,"column":18},"end":{"line":202,"column":3}},"line":197}},"branchMap":{"0":{"loc":{"start":{"line":60,"column":4},"end":{"line":62,"column":null}},"type":"if","locations":[{"start":{"line":60,"column":4},"end":{"line":62,"column":null}},{"start":{},"end":{}}],"line":60},"1":{"loc":{"start":{"line":76,"column":4},"end":{"line":81,"column":null}},"type":"if","locations":[{"start":{"line":76,"column":4},"end":{"line":81,"column":null}},{"start":{},"end":{}}],"line":76},"2":{"loc":{"start":{"line":76,"column":8},"end":{"line":76,"column":73}},"type":"binary-expr","locations":[{"start":{"line":76,"column":8},"end":{"line":76,"column":45}},{"start":{"line":76,"column":45},"end":{"line":76,"column":73}}],"line":76},"3":{"loc":{"start":{"line":120,"column":2},"end":{"line":139,"column":null}},"type":"if","locations":[{"start":{"line":120,"column":2},"end":{"line":139,"column":null}},{"start":{"line":131,"column":9},"end":{"line":139,"column":null}}],"line":120},"4":{"loc":{"start":{"line":165,"column":2},"end":{"line":173,"column":null}},"type":"if","locations":[{"start":{"line":165,"column":2},"end":{"line":173,"column":null}},{"start":{"line":171,"column":9},"end":{"line":173,"column":null}}],"line":165},"5":{"loc":{"start":{"line":179,"column":2},"end":{"line":188,"column":null}},"type":"if","locations":[{"start":{"line":179,"column":2},"end":{"line":188,"column":null}},{"start":{"line":186,"column":9},"end":{"line":188,"column":null}}],"line":179},"6":{"loc":{"start":{"line":198,"column":18},"end":{"line":198,"column":null}},"type":"binary-expr","locations":[{"start":{"line":198,"column":18},"end":{"line":198,"column":44}},{"start":{"line":198,"column":44},"end":{"line":198,"column":null}}],"line":198},"7":{"loc":{"start":{"line":199,"column":2},"end":{"line":201,"column":null}},"type":"if","locations":[{"start":{"line":199,"column":2},"end":{"line":201,"column":null}},{"start":{},"end":{}}],"line":199}},"s":{"0":1,"1":0,"2":0,"3":0,"4":0,"5":0,"6":0,"7":0,"8":0,"9":0,"10":0,"11":0,"12":0,"13":0,"14":0,"15":0,"16":0,"17":3,"18":3,"19":1,"20":5,"21":5,"22":1,"23":1,"24":1,"25":4,"26":6,"27":1,"28":4,"29":2,"30":2,"31":2,"32":2,"33":0,"34":0,"35":2,"36":2,"37":2,"38":2,"39":2,"40":1,"41":1,"42":1,"43":2,"44":2,"45":1,"46":0,"47":0,"48":0,"49":1},"f":{"0":0,"1":0,"2":0,"3":3,"4":3,"5":5,"6":6,"7":1,"8":4,"9":2,"10":0,"11":1,"12":0},"b":{"0":[0,0],"1":[0,0],"2":[0,0],"3":[1,4],"4":[0,2],"5":[1,1],"6":[0,0],"7":[0,0]},"meta":{"lastBranch":8,"lastFunction":13,"lastStatement":50,"seen":{"s:35:22:35:Infinity":0,"f:48:16:48:34":0,"s:49:8:49:Infinity":1,"s:50:8:50:Infinity":2,"s:51:8:51:Infinity":3,"s:53:2:84:Infinity":4,"f:53:12:53:18":1,"s:54:4:54:Infinity":5,"s:55:16:55:Infinity":6,"s:56:21:56:Infinity":7,"s:59:4:59:Infinity":8,"b:60:4:62:Infinity:undefined:undefined:undefined:undefined":0,"s:60:4:62:Infinity":9,"s:61:6:61:Infinity":10,"s:65:6:66:Infinity":11,"f:65:40:65:41":2,"s:65:50:65:57":12,"s:68:4:73:Infinity":13,"b:76:4:81:Infinity:undefined:undefined:undefined:undefined":1,"s:76:4:81:Infinity":14,"b:76:8:76:45:76:45:76:73":2,"s:77:6:80:Infinity":15,"s:83:4:83:Infinity":16,"f:90:16:90:52":3,"s:91:2:91:Infinity":17,"f:97:16:97:37":4,"s:98:2:98:Infinity":18,"s:112:19:112:Infinity":19,"f:117:16:117:29":5,"s:118:19:118:Infinity":20,"b:120:2:139:Infinity:131:9:139:Infinity":3,"s:120:2:139:Infinity":21,"s:121:25:121:Infinity":22,"s:122:29:122:Infinity":23,"s:124:4:130:Infinity":24,"s:132:4:138:Infinity":25,"f:145:16:145:46":6,"s:146:2:146:Infinity":26,"f:146:46:146:47":7,"s:146:56:146:81":27,"f:152:16:152:34":8,"s:153:2:153:Infinity":28,"f:159:16:159:40":9,"s:160:2:160:Infinity":29,"s:163:2:163:Infinity":30,"s:164:18:164:Infinity":31,"b:165:2:173:Infinity:171:9:173:Infinity":4,"s:165:2:173:Infinity":32,"s:166:4:170:Infinity":33,"f:166:30:166:36":10,"s:166:36:170:6":34,"s:172:4:172:Infinity":35,"s:174:2:174:Infinity":36,"s:177:2:177:Infinity":37,"s:178:14:178:Infinity":38,"b:179:2:188:Infinity:186:9:188:Infinity":5,"s:179:2:188:Infinity":39,"s:180:4:185:Infinity":40,"f:180:26:180:32":11,"s:180:32:185:6":41,"s:187:4:187:Infinity":42,"s:189:2:189:Infinity":43,"s:191:2:191:Infinity":44,"s:197:0:202:Infinity":45,"f:197:12:197:18":12,"s:198:18:198:Infinity":46,"b:198:18:198:44:198:44:198:Infinity":6,"b:199:2:201:Infinity:undefined:undefined:undefined:undefined":7,"s:199:2:201:Infinity":47,"s:200:4:200:Infinity":48,"s:205:0:211:Infinity":49}}}
,"E:\\ThirdScreen\\src\\utils\\system.ts": {"path":"E:\\ThirdScreen\\src\\utils\\system.ts","statementMap":{},"fnMap":{},"branchMap":{},"s":{},"f":{},"b":{},"meta":{"lastBranch":0,"lastFunction":0,"lastStatement":0,"seen":{}}}
}
