TN:
SF:scripts\sync-version.js
FN:29,readVersions
FN:64,validateSemver
FN:72,parseSemver
FN:87,incrementVersion
FN:113,updatePackageJson
FN:127,updateCargoToml
FN:149,updateTauriConf
FN:163,areVersionsSynchronized
FN:171,determineNewVersion
FN:193,main
FNF:10
FNH:5
FNDA:0,readVersions
FNDA:15,validateSemver
FNDA:27,parseSemver
FNDA:21,incrementVersion
FNDA:0,updatePackageJson
FNDA:0,updateCargoToml
FNDA:0,updateTauriConf
FNDA:5,areVersionsSynchronized
FNDA:7,determineNewVersion
FNDA:0,main
DA:18,1
DA:19,1
DA:21,1
DA:22,1
DA:23,1
DA:24,1
DA:30,0
DA:31,0
DA:32,0
DA:34,0
DA:35,0
DA:37,0
DA:38,0
DA:41,0
DA:42,0
DA:43,0
DA:45,0
DA:51,0
DA:52,0
DA:54,0
DA:55,0
DA:57,0
DA:65,15
DA:66,15
DA:73,27
DA:74,27
DA:75,7
DA:77,20
DA:88,21
DA:90,21
DA:92,5
DA:93,5
DA:94,5
DA:95,5
DA:97,5
DA:98,5
DA:99,5
DA:101,5
DA:102,5
DA:104,2
DA:107,15
DA:114,0
DA:115,0
DA:116,0
DA:117,0
DA:118,0
DA:120,0
DA:128,0
DA:129,0
DA:130,0
DA:135,0
DA:136,0
DA:139,0
DA:140,0
DA:142,0
DA:150,0
DA:151,0
DA:152,0
DA:153,0
DA:154,0
DA:156,0
DA:164,5
DA:172,7
DA:173,3
DA:180,4
DA:181,3
DA:184,1
DA:194,0
DA:197,0
DA:198,0
DA:200,0
DA:201,0
DA:205,0
DA:206,0
DA:207,0
DA:208,0
DA:211,0
DA:213,0
DA:214,0
DA:216,0
DA:220,0
DA:221,0
DA:222,0
DA:223,0
DA:224,0
DA:225,0
DA:226,0
DA:227,0
DA:232,0
DA:233,0
DA:235,0
DA:236,0
DA:239,0
DA:241,0
DA:242,0
DA:244,0
DA:248,0
DA:249,0
DA:250,0
DA:251,0
DA:253,0
DA:254,0
DA:255,0
DA:256,0
DA:257,0
DA:258,0
DA:260,0
DA:261,0
DA:266,1
DA:267,1
DA:270,1
LF:111
LH:34
BRDA:34,0,0,0
BRDA:34,0,1,0
BRDA:37,1,0,0
BRDA:37,1,1,0
BRDA:43,2,0,0
BRDA:43,2,1,0
BRDA:51,3,0,0
BRDA:51,3,1,0
BRDA:54,4,0,0
BRDA:54,4,1,0
BRDA:74,5,0,7
BRDA:74,5,1,20
BRDA:90,6,0,5
BRDA:90,6,1,5
BRDA:90,6,2,5
BRDA:90,6,3,2
BRDA:135,7,0,0
BRDA:135,7,1,0
BRDA:164,8,0,5
BRDA:164,8,1,2
BRDA:172,9,0,3
BRDA:172,9,1,4
BRDA:180,10,0,3
BRDA:180,10,1,1
BRDA:213,11,0,0
BRDA:213,11,1,0
BRDA:220,12,0,0
BRDA:220,12,1,0
BRDA:241,13,0,0
BRDA:241,13,1,0
BRDA:266,14,0,0
BRDA:266,14,1,1
BRF:32
BRH:13
end_of_record
TN:
SF:src\application\selectors.ts
FN:3,(anonymous_0)
FN:3,(anonymous_1)
FN:4,(anonymous_2)
FN:4,(anonymous_3)
FN:5,(anonymous_4)
FN:5,(anonymous_5)
FN:6,(anonymous_6)
FN:6,(anonymous_7)
FN:7,(anonymous_8)
FN:7,(anonymous_9)
FN:8,(anonymous_10)
FN:8,(anonymous_11)
FN:9,(anonymous_12)
FN:9,(anonymous_13)
FN:10,(anonymous_14)
FN:10,(anonymous_15)
FN:11,(anonymous_16)
FN:11,(anonymous_17)
FN:16,(anonymous_18)
FN:16,(anonymous_19)
FN:21,(anonymous_20)
FN:21,(anonymous_21)
FN:22,(anonymous_22)
FN:22,(anonymous_23)
FNF:24
FNH:24
FNDA:1,(anonymous_0)
FNDA:1,(anonymous_1)
FNDA:1,(anonymous_2)
FNDA:1,(anonymous_3)
FNDA:1,(anonymous_4)
FNDA:1,(anonymous_5)
FNDA:1,(anonymous_6)
FNDA:1,(anonymous_7)
FNDA:1,(anonymous_8)
FNDA:1,(anonymous_9)
FNDA:1,(anonymous_10)
FNDA:1,(anonymous_11)
FNDA:1,(anonymous_12)
FNDA:1,(anonymous_13)
FNDA:1,(anonymous_14)
FNDA:1,(anonymous_15)
FNDA:1,(anonymous_16)
FNDA:1,(anonymous_17)
FNDA:1,(anonymous_18)
FNDA:1,(anonymous_19)
FNDA:1,(anonymous_20)
FNDA:1,(anonymous_21)
FNDA:1,(anonymous_22)
FNDA:1,(anonymous_23)
DA:3,1
DA:4,1
DA:5,1
DA:6,1
DA:7,1
DA:8,1
DA:9,1
DA:10,1
DA:11,1
DA:16,1
DA:21,1
DA:22,1
LF:12
LH:12
BRF:0
BRH:0
end_of_record
TN:
SF:src\application\services\windowService.ts
FN:16,setAlwaysOnTop
FN:25,setFullscreen
FN:33,getWindowPosition
FN:43,setWindowPosition
FNF:4
FNH:4
FNDA:1,setAlwaysOnTop
FNDA:1,setFullscreen
FNDA:1,getWindowPosition
FNDA:1,setWindowPosition
DA:18,1
DA:19,1
DA:26,1
DA:27,1
DA:34,1
DA:35,1
DA:36,1
DA:37,1
DA:44,1
DA:45,1
DA:46,1
DA:47,1
LF:12
LH:12
BRF:0
BRH:0
end_of_record
TN:
SF:src\domain\calculators\grid.ts
FN:12,clampValue
FN:20,boxesOverlap
FN:36,findFirstAvailablePosition
FN:46,(anonymous_3)
FN:58,calculateCellSize
FN:78,snapToGrid
FN:86,fitsInGrid
FNF:7
FNH:7
FNDA:6,clampValue
FNDA:64,boxesOverlap
FNDA:4,findFirstAvailablePosition
FNDA:60,(anonymous_3)
FNDA:3,calculateCellSize
FNDA:5,snapToGrid
FNDA:6,fitsInGrid
DA:13,6
DA:24,64
DA:43,4
DA:44,11
DA:45,51
DA:46,60
DA:47,3
DA:51,8
DA:65,3
DA:66,3
DA:68,3
DA:69,3
DA:71,3
DA:79,5
DA:94,6
LF:15
LH:15
BRDA:25,0,0,64
BRDA:25,0,1,53
BRDA:25,0,2,51
BRDA:25,0,3,50
BRDA:46,1,0,3
BRDA:46,1,1,48
BRDA:63,2,0,3
BRDA:94,3,0,6
BRDA:94,3,1,5
BRDA:94,3,2,4
BRDA:94,3,3,3
BRF:11
BRH:11
end_of_record
TN:
SF:src\domain\config\widgetConstraints.ts
FN:130,getWidgetConstraints
FNF:1
FNH:1
FNDA:2,getWidgetConstraints
DA:11,1
DA:19,1
DA:27,1
DA:35,1
DA:43,1
DA:51,1
DA:59,1
DA:67,1
DA:75,1
DA:83,1
DA:91,1
DA:99,1
DA:112,1
DA:131,2
LF:14
LH:14
BRDA:131,0,0,2
BRDA:131,0,1,1
BRF:2
BRH:2
end_of_record
TN:
SF:src\domain\contracts\WidgetContract.ts
FN:376,validateWidgetContract
FN:380,(anonymous_1)
FN:396,(anonymous_2)
FN:410,(anonymous_3)
FN:430,(anonymous_4)
FN:446,(anonymous_5)
FN:495,isWidgetContract
FNF:7
FNH:7
FNDA:74,validateWidgetContract
FNDA:74,(anonymous_1)
FNDA:74,(anonymous_2)
FNDA:74,(anonymous_3)
FNDA:74,(anonymous_4)
FNDA:74,(anonymous_5)
FNDA:6,isWidgetContract
DA:75,2
DA:377,74
DA:378,74
DA:380,74
DA:381,74
DA:382,1
DA:383,73
DA:384,1
DA:387,74
DA:388,2
DA:391,74
DA:392,2
DA:396,74
DA:397,74
DA:398,2
DA:401,74
DA:402,2
DA:405,74
DA:406,3
DA:410,74
DA:411,74
DA:412,2
DA:413,2
DA:415,72
DA:416,72
DA:417,1
DA:419,72
DA:420,1
DA:422,72
DA:423,2
DA:425,72
DA:426,1
DA:430,74
DA:431,74
DA:432,2
DA:433,2
DA:435,72
DA:436,1
DA:438,72
DA:439,1
DA:441,72
DA:442,1
DA:446,74
DA:447,74
DA:448,2
DA:451,74
DA:452,2
DA:455,74
DA:456,2
DA:457,2
DA:458,1
DA:463,74
DA:464,74
DA:465,74
DA:466,74
DA:467,74
DA:469,74
DA:496,6
DA:497,2
DA:498,2
LF:60
LH:60
BRDA:381,0,0,1
BRDA:381,0,1,73
BRDA:381,1,0,74
BRDA:381,1,1,73
BRDA:383,2,0,1
BRDA:383,2,1,72
BRDA:387,3,0,2
BRDA:387,3,1,72
BRDA:387,4,0,74
BRDA:387,4,1,72
BRDA:391,5,0,2
BRDA:391,5,1,72
BRDA:397,6,0,2
BRDA:397,6,1,72
BRDA:401,7,0,2
BRDA:401,7,1,72
BRDA:401,8,0,74
BRDA:401,8,1,73
BRDA:405,9,0,3
BRDA:405,9,1,71
BRDA:411,10,0,2
BRDA:411,10,1,72
BRDA:416,11,0,1
BRDA:416,11,1,71
BRDA:416,12,0,72
BRDA:416,12,1,71
BRDA:419,13,0,1
BRDA:419,13,1,71
BRDA:419,14,0,72
BRDA:419,14,1,71
BRDA:422,15,0,2
BRDA:422,15,1,70
BRDA:422,16,0,72
BRDA:422,16,1,72
BRDA:425,17,0,1
BRDA:425,17,1,71
BRDA:425,18,0,72
BRDA:425,18,1,71
BRDA:431,19,0,2
BRDA:431,19,1,72
BRDA:435,20,0,1
BRDA:435,20,1,71
BRDA:438,21,0,1
BRDA:438,21,1,71
BRDA:441,22,0,1
BRDA:441,22,1,71
BRDA:447,23,0,2
BRDA:447,23,1,72
BRDA:447,24,0,74
BRDA:447,24,1,72
BRDA:451,25,0,2
BRDA:451,25,1,72
BRDA:451,26,0,74
BRDA:451,26,1,72
BRDA:455,27,0,2
BRDA:455,27,1,72
BRDA:457,28,0,1
BRDA:457,28,1,1
BRDA:457,29,0,2
BRDA:457,29,1,2
BRDA:496,30,0,4
BRDA:496,30,1,2
BRDA:496,31,0,6
BRDA:496,31,1,4
BRF:64
BRH:64
end_of_record
TN:
SF:src\domain\formatters\system.ts
FN:12,formatBytes
FN:24,formatPercent
FN:32,formatRelative
FN:47,formatTemperature
FN:59,formatNetworkSpeed
FNF:5
FNH:5
FNDA:19,formatBytes
FNDA:10,formatPercent
FNDA:16,formatRelative
FNDA:13,formatTemperature
FNDA:14,formatNetworkSpeed
DA:13,19
DA:14,14
DA:15,14
DA:16,14
DA:17,14
DA:25,10
DA:33,16
DA:34,16
DA:35,16
DA:36,12
DA:37,8
DA:38,8
DA:39,4
DA:40,4
DA:48,13
DA:49,6
DA:50,6
DA:52,7
DA:60,14
DA:61,14
DA:62,9
DA:63,9
DA:64,9
LF:23
LH:23
BRDA:13,0,0,5
BRDA:13,0,1,14
BRDA:13,1,0,19
BRDA:13,1,1,16
BRDA:32,2,0,16
BRDA:35,3,0,4
BRDA:35,3,1,12
BRDA:36,4,0,4
BRDA:36,4,1,8
BRDA:38,5,0,4
BRDA:38,5,1,4
BRDA:47,6,0,13
BRDA:48,7,0,6
BRDA:48,7,1,7
BRDA:61,8,0,5
BRDA:61,8,1,9
BRDA:61,9,0,14
BRDA:61,9,1,12
BRF:18
BRH:18
end_of_record
TN:
SF:src\domain\models\widgets.ts
FN:57,ensureClockWidgetSettings
FN:69,(anonymous_1)
FN:70,(anonymous_2)
FN:71,(anonymous_3)
FN:92,(anonymous_4)
FN:124,ensureTimerWidgetSettings
FN:153,ensureImageWidgetSettings
FN:190,ensureVideoWidgetSettings
FN:229,ensureNotesWidgetSettings
FN:238,(anonymous_9)
FN:282,ensureQuickLinksWidgetSettings
FN:291,(anonymous_11)
FN:324,ensurePDFWidgetSettings
FN:360,ensureNetworkMonitorWidgetSettings
FNF:14
FNH:14
FNDA:5,ensureClockWidgetSettings
FNDA:21,(anonymous_1)
FNDA:9,(anonymous_2)
FNDA:6,(anonymous_3)
FNDA:3,(anonymous_4)
FNDA:7,ensureTimerWidgetSettings
FNDA:3,ensureImageWidgetSettings
FNDA:3,ensureVideoWidgetSettings
FNDA:7,ensureNotesWidgetSettings
FNDA:5,(anonymous_9)
FNDA:6,ensureQuickLinksWidgetSettings
FNDA:4,(anonymous_11)
FNDA:3,ensurePDFWidgetSettings
FNDA:3,ensureNetworkMonitorWidgetSettings
DA:33,3
DA:49,3
DA:50,3
DA:51,3
DA:52,3
DA:53,3
DA:54,3
DA:55,3
DA:58,5
DA:59,2
DA:62,3
DA:63,3
DA:69,21
DA:70,9
DA:71,6
DA:73,3
DA:74,5
DA:75,5
DA:76,5
DA:77,5
DA:78,5
DA:79,5
DA:80,5
DA:82,5
DA:83,5
DA:88,5
DA:89,5
DA:90,5
DA:92,5
DA:93,3
DA:94,3
DA:95,2
DA:100,1
DA:103,5
DA:105,5
DA:117,3
DA:125,7
DA:126,2
DA:128,5
DA:129,5
DA:147,3
DA:154,3
DA:155,1
DA:157,2
DA:158,2
DA:159,2
DA:182,3
DA:191,3
DA:192,1
DA:194,2
DA:195,2
DA:196,2
DA:222,3
DA:230,7
DA:231,2
DA:233,5
DA:236,5
DA:237,5
DA:238,4
DA:239,5
DA:249,5
DA:277,3
DA:283,6
DA:284,2
DA:286,4
DA:289,4
DA:290,4
DA:291,3
DA:292,4
DA:302,4
DA:318,3
DA:325,3
DA:326,1
DA:328,2
DA:329,2
DA:351,3
DA:361,3
DA:362,1
DA:365,2
DA:366,2
LF:80
LH:80
BRDA:58,0,0,2
BRDA:58,0,1,3
BRDA:58,1,0,5
BRDA:58,1,1,3
BRDA:69,2,0,14
BRDA:69,2,1,7
BRDA:70,3,0,6
BRDA:70,3,1,3
BRDA:71,4,0,4
BRDA:71,4,1,2
BRDA:71,5,0,6
BRDA:71,5,1,4
BRDA:73,6,0,2
BRDA:73,6,1,1
BRDA:82,7,0,2
BRDA:82,7,1,1
BRDA:82,8,0,5
BRDA:82,8,1,2
BRDA:94,9,0,2
BRDA:94,9,1,1
BRDA:94,10,0,3
BRDA:94,10,1,2
BRDA:94,10,2,2
BRDA:94,10,3,2
BRDA:125,11,0,2
BRDA:125,11,1,5
BRDA:125,12,0,7
BRDA:125,12,1,5
BRDA:130,13,0,3
BRDA:130,13,1,2
BRDA:131,14,0,4
BRDA:131,14,1,1
BRDA:132,15,0,3
BRDA:132,15,1,2
BRDA:133,16,0,4
BRDA:133,16,1,1
BRDA:154,17,0,1
BRDA:154,17,1,2
BRDA:154,18,0,3
BRDA:154,18,1,2
BRDA:160,19,0,1
BRDA:160,19,1,1
BRDA:161,20,0,1
BRDA:161,20,1,1
BRDA:164,21,0,1
BRDA:164,21,1,1
BRDA:164,22,0,3
BRDA:164,22,1,2
BRDA:164,22,2,1
BRDA:191,23,0,1
BRDA:191,23,1,2
BRDA:191,24,0,3
BRDA:191,24,1,2
BRDA:197,25,0,1
BRDA:197,25,1,1
BRDA:198,26,0,1
BRDA:198,26,1,1
BRDA:201,27,0,1
BRDA:201,27,1,1
BRDA:202,28,0,1
BRDA:202,28,1,1
BRDA:203,29,0,1
BRDA:203,29,1,1
BRDA:230,30,0,2
BRDA:230,30,1,5
BRDA:230,31,0,7
BRDA:230,31,1,5
BRDA:237,32,0,4
BRDA:237,32,1,1
BRDA:240,33,0,5
BRDA:240,33,1,5
BRDA:240,33,2,4
BRDA:240,33,3,4
BRDA:240,33,4,3
BRDA:250,34,0,3
BRDA:250,34,1,2
BRDA:250,35,0,5
BRDA:250,35,1,4
BRDA:253,36,0,4
BRDA:253,36,1,1
BRDA:257,37,0,4
BRDA:257,37,1,1
BRDA:257,38,0,7
BRDA:257,38,1,5
BRDA:283,39,0,2
BRDA:283,39,1,4
BRDA:283,40,0,6
BRDA:283,40,1,4
BRDA:290,41,0,3
BRDA:290,41,1,1
BRDA:293,42,0,4
BRDA:293,42,1,4
BRDA:293,42,2,4
BRDA:293,42,3,4
BRDA:293,42,4,3
BRDA:304,43,0,2
BRDA:304,43,1,2
BRDA:304,44,0,4
BRDA:304,44,1,4
BRDA:304,44,2,4
BRDA:325,45,0,1
BRDA:325,45,1,2
BRDA:325,46,0,3
BRDA:325,46,1,2
BRDA:330,47,0,1
BRDA:330,47,1,1
BRDA:331,48,0,1
BRDA:331,48,1,1
BRDA:331,49,0,3
BRDA:331,49,1,2
BRDA:331,49,2,1
BRDA:334,50,0,1
BRDA:334,50,1,1
BRDA:334,51,0,3
BRDA:334,51,1,2
BRDA:361,52,0,1
BRDA:361,52,1,2
BRDA:361,53,0,3
BRDA:361,53,1,2
BRDA:369,54,0,1
BRDA:369,54,1,1
BRDA:369,55,0,2
BRDA:369,55,1,2
BRDA:372,56,0,1
BRDA:372,56,1,1
BRDA:375,57,0,1
BRDA:375,57,1,1
BRDA:378,58,0,0
BRDA:378,58,1,2
BRDA:381,59,0,0
BRDA:381,59,1,2
BRDA:384,60,0,0
BRDA:384,60,1,2
BRF:133
BRH:130
end_of_record
TN:
SF:src\domain\registries\ContractWidgetRegistry.ts
FN:56,(anonymous_0)
FN:70,(anonymous_1)
FN:124,(anonymous_2)
FN:125,(anonymous_3)
FN:131,(anonymous_4)
FN:150,(anonymous_5)
FN:157,(anonymous_6)
FN:164,(anonymous_7)
FN:171,(anonymous_8)
FN:178,(anonymous_9)
FN:180,(anonymous_10)
FN:181,(anonymous_11)
FN:187,(anonymous_12)
FN:188,(anonymous_13)
FN:217,(anonymous_14)
FN:224,(anonymous_15)
FN:231,(anonymous_16)
FN:238,(anonymous_17)
FN:245,(anonymous_18)
FN:256,(anonymous_19)
FN:279,(anonymous_20)
FN:293,(anonymous_21)
FN:311,(anonymous_22)
FN:318,(anonymous_23)
FN:328,(anonymous_24)
FN:341,(anonymous_25)
FNF:26
FNH:25
FNDA:32,(anonymous_0)
FNDA:52,(anonymous_1)
FNDA:1,(anonymous_2)
FNDA:3,(anonymous_3)
FNDA:2,(anonymous_4)
FNDA:3,(anonymous_5)
FNDA:7,(anonymous_6)
FNDA:3,(anonymous_7)
FNDA:14,(anonymous_8)
FNDA:1,(anonymous_9)
FNDA:3,(anonymous_10)
FNDA:3,(anonymous_11)
FNDA:11,(anonymous_12)
FNDA:23,(anonymous_13)
FNDA:1,(anonymous_14)
FNDA:1,(anonymous_15)
FNDA:3,(anonymous_16)
FNDA:2,(anonymous_17)
FNDA:3,(anonymous_18)
FNDA:2,(anonymous_19)
FNDA:1,(anonymous_20)
FNDA:2,(anonymous_21)
FNDA:1,(anonymous_22)
FNDA:1,(anonymous_23)
FNDA:1,(anonymous_24)
FNDA:0,(anonymous_25)
DA:57,1
DA:59,32
DA:60,32
DA:61,32
DA:74,52
DA:77,52
DA:78,1
DA:85,51
DA:86,51
DA:87,49
DA:89,49
DA:90,0
DA:91,0
DA:99,49
DA:100,1
DA:105,51
DA:106,51
DA:108,51
DA:109,50
DA:112,51
DA:114,51
DA:125,3
DA:132,2
DA:133,2
DA:135,2
DA:136,2
DA:137,1
DA:140,2
DA:141,1
DA:144,2
DA:151,3
DA:158,7
DA:165,3
DA:172,14
DA:179,1
DA:180,3
DA:181,3
DA:188,11
DA:189,23
DA:190,2
DA:193,21
DA:194,4
DA:195,1
DA:199,20
DA:200,10
DA:201,10
DA:202,4
DA:206,16
DA:207,2
DA:210,14
DA:218,1
DA:225,1
DA:232,3
DA:239,2
DA:246,3
DA:247,3
DA:248,7
DA:250,3
DA:257,2
DA:258,2
DA:259,2
DA:261,2
DA:262,2
DA:263,4
DA:266,2
DA:280,1
DA:282,1
DA:283,2
DA:284,2
DA:287,1
DA:294,2
DA:296,2
DA:297,2
DA:298,1
DA:299,1
DA:300,1
DA:305,2
DA:312,1
DA:319,1
DA:320,1
DA:321,1
DA:322,1
DA:329,1
DA:330,1
DA:332,1
DA:333,1
DA:334,1
DA:335,1
DA:336,1
DA:337,1
DA:339,1
DA:340,0
DA:341,0
DA:342,0
DA:344,0
DA:347,1
DA:352,1
LF:97
LH:91
BRDA:72,0,0,52
BRDA:74,1,0,52
BRDA:74,2,0,52
BRDA:77,3,0,1
BRDA:77,3,1,51
BRDA:77,4,0,52
BRDA:77,4,1,2
BRDA:86,5,0,49
BRDA:86,5,1,2
BRDA:89,6,0,0
BRDA:89,6,1,49
BRDA:99,7,0,1
BRDA:99,7,1,48
BRDA:108,8,0,50
BRDA:108,8,1,1
BRDA:136,9,0,1
BRDA:136,9,1,1
BRDA:140,10,0,1
BRDA:140,10,1,1
BRDA:189,11,0,2
BRDA:189,11,1,21
BRDA:189,12,0,23
BRDA:189,12,1,5
BRDA:193,13,0,4
BRDA:193,13,1,17
BRDA:194,14,0,1
BRDA:194,14,1,3
BRDA:194,15,0,4
BRDA:194,15,1,2
BRDA:199,16,0,10
BRDA:199,16,1,10
BRDA:201,17,0,4
BRDA:201,17,1,6
BRDA:206,18,0,2
BRDA:206,18,1,14
BRDA:206,19,0,16
BRDA:206,19,1,4
BRDA:297,20,0,1
BRDA:297,20,1,1
BRDA:299,21,0,1
BRDA:299,21,1,0
BRDA:339,22,0,0
BRDA:339,22,1,1
BRF:43
BRH:40
end_of_record
TN:
SF:src\domain\services\alerts.ts
FN:26,evaluateAlerts
FN:51,shouldTrigger
FN:68,createAlert
FN:83,getMetricValue
FN:97,createDefaultAlertRules
FNF:5
FNH:5
FNDA:12,evaluateAlerts
FNDA:11,shouldTrigger
FNDA:10,createAlert
FNDA:13,getMetricValue
FNDA:5,createDefaultAlertRules
DA:31,12
DA:33,12
DA:34,15
DA:36,13
DA:37,13
DA:39,11
DA:40,10
DA:44,12
DA:52,11
DA:54,6
DA:56,2
DA:58,2
DA:60,1
DA:69,10
DA:84,13
DA:86,13
DA:87,8
DA:88,3
DA:90,2
DA:98,5
LF:20
LH:20
BRDA:29,0,0,12
BRDA:34,1,0,2
BRDA:34,1,1,13
BRDA:37,2,0,2
BRDA:37,2,1,11
BRDA:39,3,0,10
BRDA:39,3,1,1
BRDA:52,4,0,6
BRDA:52,4,1,2
BRDA:52,4,2,2
BRDA:52,4,3,1
BRDA:86,5,0,5
BRDA:86,5,1,8
BRDA:86,6,0,13
BRDA:86,6,1,10
BRDA:87,7,0,5
BRDA:87,7,1,3
BRDA:87,8,0,8
BRDA:87,8,1,5
BRDA:88,9,0,1
BRDA:88,9,1,2
BRDA:88,10,0,3
BRDA:88,10,1,1
BRF:23
BRH:23
end_of_record
TN:
SF:src\utils\performance.ts
FN:19,createShallowSelector
FN:23,(anonymous_1)
FN:30,createValueSelector
FN:34,(anonymous_3)
FN:41,createActionSelector
FN:45,(anonymous_5)
FN:54,usePerformanceMonitor
FN:60,(anonymous_7)
FN:62,(anonymous_8)
FN:63,(anonymous_9)
FNF:10
FNH:5
FNDA:1,createShallowSelector
FNDA:1,(anonymous_1)
FNDA:1,createValueSelector
FNDA:1,(anonymous_3)
FNDA:1,createActionSelector
FNDA:0,(anonymous_5)
FNDA:0,usePerformanceMonitor
FNDA:0,(anonymous_7)
FNDA:0,(anonymous_8)
FNDA:0,(anonymous_9)
DA:23,1
DA:34,1
DA:45,1
DA:46,0
DA:55,0
DA:56,0
DA:58,0
DA:60,0
DA:61,0
DA:62,0
DA:63,0
DA:65,0
DA:66,0
DA:71,0
LF:14
LH:3
BRDA:62,0,0,0
BRDA:62,0,1,0
BRDA:65,1,0,0
BRDA:65,1,1,0
BRF:4
BRH:0
end_of_record
TN:
SF:src\utils\performanceMonitoring.ts
FN:48,useRenderTracking
FN:53,(anonymous_1)
FN:65,(anonymous_2)
FN:90,getRenderMetrics
FN:97,resetRenderMetrics
FN:117,trackIpcCall
FN:145,getIpcMetrics
FN:146,(anonymous_7)
FN:152,resetIpcMetrics
FN:159,logPerformanceSummary
FN:166,(anonymous_10)
FN:180,(anonymous_11)
FN:197,(anonymous_12)
FNF:13
FNH:8
FNDA:0,useRenderTracking
FNDA:0,(anonymous_1)
FNDA:0,(anonymous_2)
FNDA:3,getRenderMetrics
FNDA:3,resetRenderMetrics
FNDA:5,trackIpcCall
FNDA:6,getIpcMetrics
FNDA:1,(anonymous_7)
FNDA:4,resetIpcMetrics
FNDA:2,logPerformanceSummary
FNDA:0,(anonymous_10)
FNDA:1,(anonymous_11)
FNDA:0,(anonymous_12)
DA:35,1
DA:49,0
DA:50,0
DA:51,0
DA:53,0
DA:54,0
DA:55,0
DA:56,0
DA:59,0
DA:60,0
DA:61,0
DA:65,0
DA:68,0
DA:76,0
DA:77,0
DA:83,0
DA:91,3
DA:98,3
DA:112,1
DA:118,5
DA:120,5
DA:121,1
DA:122,1
DA:124,1
DA:132,4
DA:146,6
DA:153,4
DA:160,2
DA:163,2
DA:164,2
DA:165,2
DA:166,0
DA:172,2
DA:174,2
DA:177,2
DA:178,2
DA:179,2
DA:180,1
DA:187,1
DA:189,2
DA:191,2
DA:197,1
DA:198,0
DA:199,0
DA:200,0
DA:205,1
LF:46
LH:27
BRDA:60,0,0,0
BRDA:60,0,1,0
BRDA:76,1,0,0
BRDA:76,1,1,0
BRDA:76,2,0,0
BRDA:76,2,1,0
BRDA:120,3,0,1
BRDA:120,3,1,4
BRDA:165,4,0,0
BRDA:165,4,1,2
BRDA:179,5,0,1
BRDA:179,5,1,1
BRDA:198,6,0,0
BRDA:198,6,1,0
BRDA:199,7,0,0
BRDA:199,7,1,0
BRF:16
BRH:5
end_of_record
TN:
SF:src\utils\system.ts
FNF:0
FNH:0
LF:0
LH:0
BRF:0
BRH:0
end_of_record
